2016-05-11 00:00:27,850 DEBUG org.apache.hadoop.hbase.io.hfile.LruBlockCache: Stats: total=17.84 MB, free=223.85 MB, max=241.69 MB, blocks=215, accesses=37395, hits=37180, hitRatio=99.42%, , cachingAccesses=37395, cachingHits=37180, cachingHitsRatio=99.42%, , evictions=0, evicted=0, evictedPerRun=NaN
2016-05-11 00:00:36,334 INFO org.apache.hadoop.hbase.master.LoadBalancer: Skipping load balancing because balanced cluster; servers=1 regions=1 average=1.0 mostloaded=1 leastloaded=1
2016-05-11 00:00:36,341 DEBUG org.apache.hadoop.hbase.client.MetaScanner: Scanning .META. starting at row= for max=2147483647 rows using org.apache.hadoop.hbase.client.HConnectionManager$HConnectionImplementation@1be68d72
2016-05-11 00:00:36,345 DEBUG org.apache.hadoop.hbase.master.CatalogJanitor: Scanned 1 catalog row(s) and gc'd 0 unreferenced parent region(s)
2016-05-11 00:05:27,850 DEBUG org.apache.hadoop.hbase.io.hfile.LruBlockCache: Stats: total=17.84 MB, free=223.85 MB, max=241.69 MB, blocks=215, accesses=37396, hits=37181, hitRatio=99.42%, , cachingAccesses=37396, cachingHits=37181, cachingHitsRatio=99.42%, , evictions=0, evicted=0, evictedPerRun=NaN
2016-05-11 00:05:36,335 INFO org.apache.hadoop.hbase.master.LoadBalancer: Skipping load balancing because balanced cluster; servers=1 regions=1 average=1.0 mostloaded=1 leastloaded=1
2016-05-11 00:05:36,342 DEBUG org.apache.hadoop.hbase.client.MetaScanner: Scanning .META. starting at row= for max=2147483647 rows using org.apache.hadoop.hbase.client.HConnectionManager$HConnectionImplementation@1be68d72
2016-05-11 00:05:36,344 DEBUG org.apache.hadoop.hbase.master.CatalogJanitor: Scanned 1 catalog row(s) and gc'd 0 unreferenced parent region(s)
2016-05-11 00:10:27,850 DEBUG org.apache.hadoop.hbase.io.hfile.LruBlockCache: Stats: total=17.84 MB, free=223.85 MB, max=241.69 MB, blocks=215, accesses=37397, hits=37182, hitRatio=99.42%, , cachingAccesses=37397, cachingHits=37182, cachingHitsRatio=99.42%, , evictions=0, evicted=0, evictedPerRun=NaN
2016-05-11 00:10:36,334 INFO org.apache.hadoop.hbase.master.LoadBalancer: Skipping load balancing because balanced cluster; servers=1 regions=1 average=1.0 mostloaded=1 leastloaded=1
2016-05-11 00:10:36,342 DEBUG org.apache.hadoop.hbase.client.MetaScanner: Scanning .META. starting at row= for max=2147483647 rows using org.apache.hadoop.hbase.client.HConnectionManager$HConnectionImplementation@1be68d72
2016-05-11 00:10:36,343 DEBUG org.apache.hadoop.hbase.master.CatalogJanitor: Scanned 1 catalog row(s) and gc'd 0 unreferenced parent region(s)
2016-05-11 00:15:27,850 DEBUG org.apache.hadoop.hbase.io.hfile.LruBlockCache: Stats: total=17.84 MB, free=223.85 MB, max=241.69 MB, blocks=215, accesses=37398, hits=37183, hitRatio=99.42%, , cachingAccesses=37398, cachingHits=37183, cachingHitsRatio=99.42%, , evictions=0, evicted=0, evictedPerRun=NaN
2016-05-11 00:15:36,334 INFO org.apache.hadoop.hbase.master.LoadBalancer: Skipping load balancing because balanced cluster; servers=1 regions=1 average=1.0 mostloaded=1 leastloaded=1
2016-05-11 00:15:36,343 DEBUG org.apache.hadoop.hbase.client.MetaScanner: Scanning .META. starting at row= for max=2147483647 rows using org.apache.hadoop.hbase.client.HConnectionManager$HConnectionImplementation@1be68d72
2016-05-11 00:15:36,350 DEBUG org.apache.hadoop.hbase.master.CatalogJanitor: Scanned 1 catalog row(s) and gc'd 0 unreferenced parent region(s)
2016-05-11 00:18:05,411 DEBUG org.apache.hadoop.hbase.regionserver.LogRoller: Hlog roll period 3600000ms elapsed
2016-05-11 00:18:05,411 INFO org.apache.hadoop.hbase.util.FSUtils: FileSystem doesn't support getDefaultReplication
2016-05-11 00:18:05,411 INFO org.apache.hadoop.hbase.util.FSUtils: FileSystem doesn't support getDefaultBlockSize
2016-05-11 00:18:05,412 DEBUG org.apache.hadoop.hbase.regionserver.wal.SequenceFileLogWriter: using new createWriter -- HADOOP-6840
2016-05-11 00:18:05,412 DEBUG org.apache.hadoop.hbase.regionserver.wal.SequenceFileLogWriter: Path=/home/shriyansh/Awesome_Stuff/Research/nutch/data/.logs/agro,34412,1462883727834/agro%2C34412%2C1462883727834.1462906085411, syncFs=true, hflush=false, compression=false
2016-05-11 00:18:05,412 INFO org.apache.hadoop.hbase.regionserver.wal.HLog: Roll /home/shriyansh/Awesome_Stuff/Research/nutch/data/.logs/agro,34412,1462883727834/agro%2C34412%2C1462883727834.1462902485359, entries=0, filesize=134.  for /home/shriyansh/Awesome_Stuff/Research/nutch/data/.logs/agro,34412,1462883727834/agro%2C34412%2C1462883727834.1462906085411
2016-05-11 00:18:05,412 DEBUG org.apache.hadoop.hbase.regionserver.wal.HLog: Last sequenceid written is empty. Deleting all old hlogs
2016-05-11 00:18:05,413 INFO org.apache.hadoop.hbase.regionserver.wal.HLog: moving old hlog file /home/shriyansh/Awesome_Stuff/Research/nutch/data/.logs/agro,34412,1462883727834/agro%2C34412%2C1462883727834.1462902485359 whose highest sequenceid is 36278 to /home/shriyansh/Awesome_Stuff/Research/nutch/data/.oldlogs/agro%2C34412%2C1462883727834.1462902485359
2016-05-11 00:20:27,850 DEBUG org.apache.hadoop.hbase.io.hfile.LruBlockCache: Stats: total=17.84 MB, free=223.85 MB, max=241.69 MB, blocks=215, accesses=37399, hits=37184, hitRatio=99.42%, , cachingAccesses=37399, cachingHits=37184, cachingHitsRatio=99.42%, , evictions=0, evicted=0, evictedPerRun=NaN
2016-05-11 00:20:36,335 INFO org.apache.hadoop.hbase.master.LoadBalancer: Skipping load balancing because balanced cluster; servers=1 regions=1 average=1.0 mostloaded=1 leastloaded=1
2016-05-11 00:20:36,343 DEBUG org.apache.hadoop.hbase.client.MetaScanner: Scanning .META. starting at row= for max=2147483647 rows using org.apache.hadoop.hbase.client.HConnectionManager$HConnectionImplementation@1be68d72
2016-05-11 00:20:36,345 DEBUG org.apache.hadoop.hbase.master.CatalogJanitor: Scanned 1 catalog row(s) and gc'd 0 unreferenced parent region(s)
2016-05-11 00:25:27,850 DEBUG org.apache.hadoop.hbase.io.hfile.LruBlockCache: Stats: total=17.84 MB, free=223.85 MB, max=241.69 MB, blocks=215, accesses=37400, hits=37185, hitRatio=99.42%, , cachingAccesses=37400, cachingHits=37185, cachingHitsRatio=99.42%, , evictions=0, evicted=0, evictedPerRun=NaN
2016-05-11 00:25:36,335 INFO org.apache.hadoop.hbase.master.LoadBalancer: Skipping load balancing because balanced cluster; servers=1 regions=1 average=1.0 mostloaded=1 leastloaded=1
2016-05-11 00:25:36,343 DEBUG org.apache.hadoop.hbase.client.MetaScanner: Scanning .META. starting at row= for max=2147483647 rows using org.apache.hadoop.hbase.client.HConnectionManager$HConnectionImplementation@1be68d72
2016-05-11 00:25:36,346 DEBUG org.apache.hadoop.hbase.master.CatalogJanitor: Scanned 1 catalog row(s) and gc'd 0 unreferenced parent region(s)
2016-05-11 00:30:27,850 DEBUG org.apache.hadoop.hbase.io.hfile.LruBlockCache: Stats: total=17.84 MB, free=223.85 MB, max=241.69 MB, blocks=215, accesses=37401, hits=37186, hitRatio=99.42%, , cachingAccesses=37401, cachingHits=37186, cachingHitsRatio=99.42%, , evictions=0, evicted=0, evictedPerRun=NaN
2016-05-11 00:30:36,336 INFO org.apache.hadoop.hbase.master.LoadBalancer: Skipping load balancing because balanced cluster; servers=1 regions=1 average=1.0 mostloaded=1 leastloaded=1
2016-05-11 00:30:36,343 DEBUG org.apache.hadoop.hbase.client.MetaScanner: Scanning .META. starting at row= for max=2147483647 rows using org.apache.hadoop.hbase.client.HConnectionManager$HConnectionImplementation@1be68d72
2016-05-11 00:30:36,344 DEBUG org.apache.hadoop.hbase.master.CatalogJanitor: Scanned 1 catalog row(s) and gc'd 0 unreferenced parent region(s)
2016-05-11 00:35:27,850 DEBUG org.apache.hadoop.hbase.io.hfile.LruBlockCache: Stats: total=17.84 MB, free=223.85 MB, max=241.69 MB, blocks=215, accesses=37402, hits=37187, hitRatio=99.42%, , cachingAccesses=37402, cachingHits=37187, cachingHitsRatio=99.42%, , evictions=0, evicted=0, evictedPerRun=NaN
2016-05-11 00:35:36,335 INFO org.apache.hadoop.hbase.master.LoadBalancer: Skipping load balancing because balanced cluster; servers=1 regions=1 average=1.0 mostloaded=1 leastloaded=1
2016-05-11 00:35:36,343 DEBUG org.apache.hadoop.hbase.client.MetaScanner: Scanning .META. starting at row= for max=2147483647 rows using org.apache.hadoop.hbase.client.HConnectionManager$HConnectionImplementation@1be68d72
2016-05-11 00:35:36,346 DEBUG org.apache.hadoop.hbase.master.CatalogJanitor: Scanned 1 catalog row(s) and gc'd 0 unreferenced parent region(s)
2016-05-11 00:40:27,850 DEBUG org.apache.hadoop.hbase.io.hfile.LruBlockCache: Stats: total=17.84 MB, free=223.85 MB, max=241.69 MB, blocks=215, accesses=37403, hits=37188, hitRatio=99.42%, , cachingAccesses=37403, cachingHits=37188, cachingHitsRatio=99.42%, , evictions=0, evicted=0, evictedPerRun=NaN
2016-05-11 00:40:36,336 INFO org.apache.hadoop.hbase.master.LoadBalancer: Skipping load balancing because balanced cluster; servers=1 regions=1 average=1.0 mostloaded=1 leastloaded=1
2016-05-11 00:40:36,343 DEBUG org.apache.hadoop.hbase.client.MetaScanner: Scanning .META. starting at row= for max=2147483647 rows using org.apache.hadoop.hbase.client.HConnectionManager$HConnectionImplementation@1be68d72
2016-05-11 00:40:36,345 DEBUG org.apache.hadoop.hbase.master.CatalogJanitor: Scanned 1 catalog row(s) and gc'd 0 unreferenced parent region(s)
2016-05-11 00:45:27,850 DEBUG org.apache.hadoop.hbase.io.hfile.LruBlockCache: Stats: total=17.84 MB, free=223.85 MB, max=241.69 MB, blocks=215, accesses=37404, hits=37189, hitRatio=99.42%, , cachingAccesses=37404, cachingHits=37189, cachingHitsRatio=99.42%, , evictions=0, evicted=0, evictedPerRun=NaN
2016-05-11 00:45:36,336 INFO org.apache.hadoop.hbase.master.LoadBalancer: Skipping load balancing because balanced cluster; servers=1 regions=1 average=1.0 mostloaded=1 leastloaded=1
2016-05-11 00:45:36,344 DEBUG org.apache.hadoop.hbase.client.MetaScanner: Scanning .META. starting at row= for max=2147483647 rows using org.apache.hadoop.hbase.client.HConnectionManager$HConnectionImplementation@1be68d72
2016-05-11 00:45:36,346 DEBUG org.apache.hadoop.hbase.master.CatalogJanitor: Scanned 1 catalog row(s) and gc'd 0 unreferenced parent region(s)
2016-05-11 00:50:27,850 DEBUG org.apache.hadoop.hbase.io.hfile.LruBlockCache: Stats: total=17.84 MB, free=223.85 MB, max=241.69 MB, blocks=215, accesses=37405, hits=37190, hitRatio=99.42%, , cachingAccesses=37405, cachingHits=37190, cachingHitsRatio=99.42%, , evictions=0, evicted=0, evictedPerRun=NaN
2016-05-11 00:50:36,337 INFO org.apache.hadoop.hbase.master.LoadBalancer: Skipping load balancing because balanced cluster; servers=1 regions=1 average=1.0 mostloaded=1 leastloaded=1
2016-05-11 00:50:36,343 DEBUG org.apache.hadoop.hbase.client.MetaScanner: Scanning .META. starting at row= for max=2147483647 rows using org.apache.hadoop.hbase.client.HConnectionManager$HConnectionImplementation@1be68d72
2016-05-11 00:50:36,344 DEBUG org.apache.hadoop.hbase.master.CatalogJanitor: Scanned 1 catalog row(s) and gc'd 0 unreferenced parent region(s)
2016-05-11 00:55:27,850 DEBUG org.apache.hadoop.hbase.io.hfile.LruBlockCache: Stats: total=17.84 MB, free=223.85 MB, max=241.69 MB, blocks=215, accesses=37406, hits=37191, hitRatio=99.42%, , cachingAccesses=37406, cachingHits=37191, cachingHitsRatio=99.42%, , evictions=0, evicted=0, evictedPerRun=NaN
2016-05-11 00:55:36,337 INFO org.apache.hadoop.hbase.master.LoadBalancer: Skipping load balancing because balanced cluster; servers=1 regions=1 average=1.0 mostloaded=1 leastloaded=1
2016-05-11 00:55:36,344 DEBUG org.apache.hadoop.hbase.client.MetaScanner: Scanning .META. starting at row= for max=2147483647 rows using org.apache.hadoop.hbase.client.HConnectionManager$HConnectionImplementation@1be68d72
2016-05-11 00:55:36,346 DEBUG org.apache.hadoop.hbase.master.CatalogJanitor: Scanned 1 catalog row(s) and gc'd 0 unreferenced parent region(s)
2016-05-11 01:00:27,850 DEBUG org.apache.hadoop.hbase.io.hfile.LruBlockCache: Stats: total=17.84 MB, free=223.85 MB, max=241.69 MB, blocks=215, accesses=37407, hits=37192, hitRatio=99.42%, , cachingAccesses=37407, cachingHits=37192, cachingHitsRatio=99.42%, , evictions=0, evicted=0, evictedPerRun=NaN
2016-05-11 01:00:36,338 INFO org.apache.hadoop.hbase.master.LoadBalancer: Skipping load balancing because balanced cluster; servers=1 regions=1 average=1.0 mostloaded=1 leastloaded=1
2016-05-11 01:00:36,344 DEBUG org.apache.hadoop.hbase.client.MetaScanner: Scanning .META. starting at row= for max=2147483647 rows using org.apache.hadoop.hbase.client.HConnectionManager$HConnectionImplementation@1be68d72
2016-05-11 01:00:36,346 DEBUG org.apache.hadoop.hbase.master.CatalogJanitor: Scanned 1 catalog row(s) and gc'd 0 unreferenced parent region(s)
2016-05-11 01:05:27,850 DEBUG org.apache.hadoop.hbase.io.hfile.LruBlockCache: Stats: total=17.84 MB, free=223.85 MB, max=241.69 MB, blocks=215, accesses=37408, hits=37193, hitRatio=99.42%, , cachingAccesses=37408, cachingHits=37193, cachingHitsRatio=99.42%, , evictions=0, evicted=0, evictedPerRun=NaN
2016-05-11 01:05:36,337 INFO org.apache.hadoop.hbase.master.LoadBalancer: Skipping load balancing because balanced cluster; servers=1 regions=1 average=1.0 mostloaded=1 leastloaded=1
2016-05-11 01:05:36,344 DEBUG org.apache.hadoop.hbase.client.MetaScanner: Scanning .META. starting at row= for max=2147483647 rows using org.apache.hadoop.hbase.client.HConnectionManager$HConnectionImplementation@1be68d72
2016-05-11 01:05:36,346 DEBUG org.apache.hadoop.hbase.master.CatalogJanitor: Scanned 1 catalog row(s) and gc'd 0 unreferenced parent region(s)
2016-05-11 01:10:27,850 DEBUG org.apache.hadoop.hbase.io.hfile.LruBlockCache: Stats: total=17.84 MB, free=223.85 MB, max=241.69 MB, blocks=215, accesses=37409, hits=37194, hitRatio=99.42%, , cachingAccesses=37409, cachingHits=37194, cachingHitsRatio=99.42%, , evictions=0, evicted=0, evictedPerRun=NaN
2016-05-11 01:10:36,337 INFO org.apache.hadoop.hbase.master.LoadBalancer: Skipping load balancing because balanced cluster; servers=1 regions=1 average=1.0 mostloaded=1 leastloaded=1
2016-05-11 01:10:36,344 DEBUG org.apache.hadoop.hbase.client.MetaScanner: Scanning .META. starting at row= for max=2147483647 rows using org.apache.hadoop.hbase.client.HConnectionManager$HConnectionImplementation@1be68d72
2016-05-11 01:10:36,346 DEBUG org.apache.hadoop.hbase.master.CatalogJanitor: Scanned 1 catalog row(s) and gc'd 0 unreferenced parent region(s)
2016-05-11 01:15:27,850 DEBUG org.apache.hadoop.hbase.io.hfile.LruBlockCache: Stats: total=17.84 MB, free=223.85 MB, max=241.69 MB, blocks=215, accesses=37410, hits=37195, hitRatio=99.42%, , cachingAccesses=37410, cachingHits=37195, cachingHitsRatio=99.42%, , evictions=0, evicted=0, evictedPerRun=NaN
2016-05-11 01:15:36,338 INFO org.apache.hadoop.hbase.master.LoadBalancer: Skipping load balancing because balanced cluster; servers=1 regions=1 average=1.0 mostloaded=1 leastloaded=1
2016-05-11 01:15:36,344 DEBUG org.apache.hadoop.hbase.client.MetaScanner: Scanning .META. starting at row= for max=2147483647 rows using org.apache.hadoop.hbase.client.HConnectionManager$HConnectionImplementation@1be68d72
2016-05-11 01:15:36,346 DEBUG org.apache.hadoop.hbase.master.CatalogJanitor: Scanned 1 catalog row(s) and gc'd 0 unreferenced parent region(s)
2016-05-11 01:18:05,446 DEBUG org.apache.hadoop.hbase.regionserver.LogRoller: Hlog roll period 3600000ms elapsed
2016-05-11 01:18:05,447 INFO org.apache.hadoop.hbase.util.FSUtils: FileSystem doesn't support getDefaultReplication
2016-05-11 01:18:05,447 INFO org.apache.hadoop.hbase.util.FSUtils: FileSystem doesn't support getDefaultBlockSize
2016-05-11 01:18:05,447 DEBUG org.apache.hadoop.hbase.regionserver.wal.SequenceFileLogWriter: using new createWriter -- HADOOP-6840
2016-05-11 01:18:05,447 DEBUG org.apache.hadoop.hbase.regionserver.wal.SequenceFileLogWriter: Path=/home/shriyansh/Awesome_Stuff/Research/nutch/data/.logs/agro,34412,1462883727834/agro%2C34412%2C1462883727834.1462909685446, syncFs=true, hflush=false, compression=false
2016-05-11 01:18:05,448 INFO org.apache.hadoop.hbase.regionserver.wal.HLog: Roll /home/shriyansh/Awesome_Stuff/Research/nutch/data/.logs/agro,34412,1462883727834/agro%2C34412%2C1462883727834.1462906085411, entries=0, filesize=134.  for /home/shriyansh/Awesome_Stuff/Research/nutch/data/.logs/agro,34412,1462883727834/agro%2C34412%2C1462883727834.1462909685446
2016-05-11 01:18:05,448 DEBUG org.apache.hadoop.hbase.regionserver.wal.HLog: Last sequenceid written is empty. Deleting all old hlogs
2016-05-11 01:18:05,448 INFO org.apache.hadoop.hbase.regionserver.wal.HLog: moving old hlog file /home/shriyansh/Awesome_Stuff/Research/nutch/data/.logs/agro,34412,1462883727834/agro%2C34412%2C1462883727834.1462906085411 whose highest sequenceid is 36278 to /home/shriyansh/Awesome_Stuff/Research/nutch/data/.oldlogs/agro%2C34412%2C1462883727834.1462906085411
2016-05-11 01:20:27,850 DEBUG org.apache.hadoop.hbase.io.hfile.LruBlockCache: Stats: total=17.84 MB, free=223.85 MB, max=241.69 MB, blocks=215, accesses=37411, hits=37196, hitRatio=99.42%, , cachingAccesses=37411, cachingHits=37196, cachingHitsRatio=99.42%, , evictions=0, evicted=0, evictedPerRun=NaN
2016-05-11 01:20:36,338 INFO org.apache.hadoop.hbase.master.LoadBalancer: Skipping load balancing because balanced cluster; servers=1 regions=1 average=1.0 mostloaded=1 leastloaded=1
2016-05-11 01:20:36,344 DEBUG org.apache.hadoop.hbase.client.MetaScanner: Scanning .META. starting at row= for max=2147483647 rows using org.apache.hadoop.hbase.client.HConnectionManager$HConnectionImplementation@1be68d72
2016-05-11 01:20:36,346 DEBUG org.apache.hadoop.hbase.master.CatalogJanitor: Scanned 1 catalog row(s) and gc'd 0 unreferenced parent region(s)
2016-05-11 01:25:27,850 DEBUG org.apache.hadoop.hbase.io.hfile.LruBlockCache: Stats: total=17.84 MB, free=223.85 MB, max=241.69 MB, blocks=215, accesses=37412, hits=37197, hitRatio=99.42%, , cachingAccesses=37412, cachingHits=37197, cachingHitsRatio=99.42%, , evictions=0, evicted=0, evictedPerRun=NaN
2016-05-11 01:25:36,338 INFO org.apache.hadoop.hbase.master.LoadBalancer: Skipping load balancing because balanced cluster; servers=1 regions=1 average=1.0 mostloaded=1 leastloaded=1
2016-05-11 01:25:36,344 DEBUG org.apache.hadoop.hbase.client.MetaScanner: Scanning .META. starting at row= for max=2147483647 rows using org.apache.hadoop.hbase.client.HConnectionManager$HConnectionImplementation@1be68d72
2016-05-11 01:25:36,346 DEBUG org.apache.hadoop.hbase.master.CatalogJanitor: Scanned 1 catalog row(s) and gc'd 0 unreferenced parent region(s)
2016-05-11 01:30:27,850 DEBUG org.apache.hadoop.hbase.io.hfile.LruBlockCache: Stats: total=17.84 MB, free=223.85 MB, max=241.69 MB, blocks=215, accesses=37413, hits=37198, hitRatio=99.42%, , cachingAccesses=37413, cachingHits=37198, cachingHitsRatio=99.42%, , evictions=0, evicted=0, evictedPerRun=NaN
2016-05-11 01:30:36,339 INFO org.apache.hadoop.hbase.master.LoadBalancer: Skipping load balancing because balanced cluster; servers=1 regions=1 average=1.0 mostloaded=1 leastloaded=1
2016-05-11 01:30:36,344 DEBUG org.apache.hadoop.hbase.client.MetaScanner: Scanning .META. starting at row= for max=2147483647 rows using org.apache.hadoop.hbase.client.HConnectionManager$HConnectionImplementation@1be68d72
2016-05-11 01:30:36,346 DEBUG org.apache.hadoop.hbase.master.CatalogJanitor: Scanned 1 catalog row(s) and gc'd 0 unreferenced parent region(s)
2016-05-11 01:35:27,850 DEBUG org.apache.hadoop.hbase.io.hfile.LruBlockCache: Stats: total=17.84 MB, free=223.85 MB, max=241.69 MB, blocks=215, accesses=37414, hits=37199, hitRatio=99.42%, , cachingAccesses=37414, cachingHits=37199, cachingHitsRatio=99.42%, , evictions=0, evicted=0, evictedPerRun=NaN
2016-05-11 01:35:36,338 INFO org.apache.hadoop.hbase.master.LoadBalancer: Skipping load balancing because balanced cluster; servers=1 regions=1 average=1.0 mostloaded=1 leastloaded=1
2016-05-11 01:35:36,344 DEBUG org.apache.hadoop.hbase.client.MetaScanner: Scanning .META. starting at row= for max=2147483647 rows using org.apache.hadoop.hbase.client.HConnectionManager$HConnectionImplementation@1be68d72
2016-05-11 01:35:36,346 DEBUG org.apache.hadoop.hbase.master.CatalogJanitor: Scanned 1 catalog row(s) and gc'd 0 unreferenced parent region(s)
2016-05-11 01:40:27,850 DEBUG org.apache.hadoop.hbase.io.hfile.LruBlockCache: Stats: total=17.84 MB, free=223.85 MB, max=241.69 MB, blocks=215, accesses=37415, hits=37200, hitRatio=99.42%, , cachingAccesses=37415, cachingHits=37200, cachingHitsRatio=99.42%, , evictions=0, evicted=0, evictedPerRun=NaN
2016-05-11 01:40:36,338 INFO org.apache.hadoop.hbase.master.LoadBalancer: Skipping load balancing because balanced cluster; servers=1 regions=1 average=1.0 mostloaded=1 leastloaded=1
2016-05-11 01:40:36,344 DEBUG org.apache.hadoop.hbase.client.MetaScanner: Scanning .META. starting at row= for max=2147483647 rows using org.apache.hadoop.hbase.client.HConnectionManager$HConnectionImplementation@1be68d72
2016-05-11 01:40:36,346 DEBUG org.apache.hadoop.hbase.master.CatalogJanitor: Scanned 1 catalog row(s) and gc'd 0 unreferenced parent region(s)
2016-05-11 01:45:27,850 DEBUG org.apache.hadoop.hbase.io.hfile.LruBlockCache: Stats: total=17.84 MB, free=223.85 MB, max=241.69 MB, blocks=215, accesses=37416, hits=37201, hitRatio=99.42%, , cachingAccesses=37416, cachingHits=37201, cachingHitsRatio=99.42%, , evictions=0, evicted=0, evictedPerRun=NaN
2016-05-11 01:45:36,339 INFO org.apache.hadoop.hbase.master.LoadBalancer: Skipping load balancing because balanced cluster; servers=1 regions=1 average=1.0 mostloaded=1 leastloaded=1
2016-05-11 01:45:36,344 DEBUG org.apache.hadoop.hbase.client.MetaScanner: Scanning .META. starting at row= for max=2147483647 rows using org.apache.hadoop.hbase.client.HConnectionManager$HConnectionImplementation@1be68d72
2016-05-11 01:45:36,346 DEBUG org.apache.hadoop.hbase.master.CatalogJanitor: Scanned 1 catalog row(s) and gc'd 0 unreferenced parent region(s)
2016-05-11 01:50:27,850 DEBUG org.apache.hadoop.hbase.io.hfile.LruBlockCache: Stats: total=17.84 MB, free=223.85 MB, max=241.69 MB, blocks=215, accesses=37417, hits=37202, hitRatio=99.42%, , cachingAccesses=37417, cachingHits=37202, cachingHitsRatio=99.42%, , evictions=0, evicted=0, evictedPerRun=NaN
2016-05-11 01:50:36,338 INFO org.apache.hadoop.hbase.master.LoadBalancer: Skipping load balancing because balanced cluster; servers=1 regions=1 average=1.0 mostloaded=1 leastloaded=1
2016-05-11 01:50:36,344 DEBUG org.apache.hadoop.hbase.client.MetaScanner: Scanning .META. starting at row= for max=2147483647 rows using org.apache.hadoop.hbase.client.HConnectionManager$HConnectionImplementation@1be68d72
2016-05-11 01:50:36,346 DEBUG org.apache.hadoop.hbase.master.CatalogJanitor: Scanned 1 catalog row(s) and gc'd 0 unreferenced parent region(s)
2016-05-11 01:55:27,850 DEBUG org.apache.hadoop.hbase.io.hfile.LruBlockCache: Stats: total=17.84 MB, free=223.85 MB, max=241.69 MB, blocks=215, accesses=37418, hits=37203, hitRatio=99.42%, , cachingAccesses=37418, cachingHits=37203, cachingHitsRatio=99.42%, , evictions=0, evicted=0, evictedPerRun=NaN
2016-05-11 01:55:36,338 INFO org.apache.hadoop.hbase.master.LoadBalancer: Skipping load balancing because balanced cluster; servers=1 regions=1 average=1.0 mostloaded=1 leastloaded=1
2016-05-11 01:55:36,345 DEBUG org.apache.hadoop.hbase.client.MetaScanner: Scanning .META. starting at row= for max=2147483647 rows using org.apache.hadoop.hbase.client.HConnectionManager$HConnectionImplementation@1be68d72
2016-05-11 01:55:36,347 DEBUG org.apache.hadoop.hbase.master.CatalogJanitor: Scanned 1 catalog row(s) and gc'd 0 unreferenced parent region(s)
2016-05-11 02:00:27,850 DEBUG org.apache.hadoop.hbase.io.hfile.LruBlockCache: Stats: total=17.84 MB, free=223.85 MB, max=241.69 MB, blocks=215, accesses=37419, hits=37204, hitRatio=99.42%, , cachingAccesses=37419, cachingHits=37204, cachingHitsRatio=99.42%, , evictions=0, evicted=0, evictedPerRun=NaN
2016-05-11 02:00:36,339 INFO org.apache.hadoop.hbase.master.LoadBalancer: Skipping load balancing because balanced cluster; servers=1 regions=1 average=1.0 mostloaded=1 leastloaded=1
2016-05-11 02:00:36,345 DEBUG org.apache.hadoop.hbase.client.MetaScanner: Scanning .META. starting at row= for max=2147483647 rows using org.apache.hadoop.hbase.client.HConnectionManager$HConnectionImplementation@1be68d72
2016-05-11 02:00:36,347 DEBUG org.apache.hadoop.hbase.master.CatalogJanitor: Scanned 1 catalog row(s) and gc'd 0 unreferenced parent region(s)
2016-05-11 02:05:27,850 DEBUG org.apache.hadoop.hbase.io.hfile.LruBlockCache: Stats: total=17.84 MB, free=223.85 MB, max=241.69 MB, blocks=215, accesses=37420, hits=37205, hitRatio=99.42%, , cachingAccesses=37420, cachingHits=37205, cachingHitsRatio=99.42%, , evictions=0, evicted=0, evictedPerRun=NaN
2016-05-11 02:05:36,338 INFO org.apache.hadoop.hbase.master.LoadBalancer: Skipping load balancing because balanced cluster; servers=1 regions=1 average=1.0 mostloaded=1 leastloaded=1
2016-05-11 02:05:36,344 DEBUG org.apache.hadoop.hbase.client.MetaScanner: Scanning .META. starting at row= for max=2147483647 rows using org.apache.hadoop.hbase.client.HConnectionManager$HConnectionImplementation@1be68d72
2016-05-11 02:05:36,348 DEBUG org.apache.hadoop.hbase.master.CatalogJanitor: Scanned 1 catalog row(s) and gc'd 0 unreferenced parent region(s)
2016-05-11 02:10:27,850 DEBUG org.apache.hadoop.hbase.io.hfile.LruBlockCache: Stats: total=17.84 MB, free=223.85 MB, max=241.69 MB, blocks=215, accesses=37421, hits=37206, hitRatio=99.42%, , cachingAccesses=37421, cachingHits=37206, cachingHitsRatio=99.42%, , evictions=0, evicted=0, evictedPerRun=NaN
2016-05-11 02:10:36,338 INFO org.apache.hadoop.hbase.master.LoadBalancer: Skipping load balancing because balanced cluster; servers=1 regions=1 average=1.0 mostloaded=1 leastloaded=1
2016-05-11 02:10:36,344 DEBUG org.apache.hadoop.hbase.client.MetaScanner: Scanning .META. starting at row= for max=2147483647 rows using org.apache.hadoop.hbase.client.HConnectionManager$HConnectionImplementation@1be68d72
2016-05-11 02:10:36,346 DEBUG org.apache.hadoop.hbase.master.CatalogJanitor: Scanned 1 catalog row(s) and gc'd 0 unreferenced parent region(s)
2016-05-11 02:15:27,850 DEBUG org.apache.hadoop.hbase.io.hfile.LruBlockCache: Stats: total=17.84 MB, free=223.85 MB, max=241.69 MB, blocks=215, accesses=37422, hits=37207, hitRatio=99.42%, , cachingAccesses=37422, cachingHits=37207, cachingHitsRatio=99.42%, , evictions=0, evicted=0, evictedPerRun=NaN
2016-05-11 02:15:36,338 INFO org.apache.hadoop.hbase.master.LoadBalancer: Skipping load balancing because balanced cluster; servers=1 regions=1 average=1.0 mostloaded=1 leastloaded=1
2016-05-11 02:15:36,344 DEBUG org.apache.hadoop.hbase.client.MetaScanner: Scanning .META. starting at row= for max=2147483647 rows using org.apache.hadoop.hbase.client.HConnectionManager$HConnectionImplementation@1be68d72
2016-05-11 02:15:36,346 DEBUG org.apache.hadoop.hbase.master.CatalogJanitor: Scanned 1 catalog row(s) and gc'd 0 unreferenced parent region(s)
2016-05-11 02:18:05,483 DEBUG org.apache.hadoop.hbase.regionserver.LogRoller: Hlog roll period 3600000ms elapsed
2016-05-11 02:18:05,483 INFO org.apache.hadoop.hbase.util.FSUtils: FileSystem doesn't support getDefaultReplication
2016-05-11 02:18:05,483 INFO org.apache.hadoop.hbase.util.FSUtils: FileSystem doesn't support getDefaultBlockSize
2016-05-11 02:18:05,512 DEBUG org.apache.hadoop.hbase.regionserver.wal.SequenceFileLogWriter: using new createWriter -- HADOOP-6840
2016-05-11 02:18:05,512 DEBUG org.apache.hadoop.hbase.regionserver.wal.SequenceFileLogWriter: Path=/home/shriyansh/Awesome_Stuff/Research/nutch/data/.logs/agro,34412,1462883727834/agro%2C34412%2C1462883727834.1462913285483, syncFs=true, hflush=false, compression=false
2016-05-11 02:18:05,512 INFO org.apache.hadoop.hbase.regionserver.wal.HLog: Roll /home/shriyansh/Awesome_Stuff/Research/nutch/data/.logs/agro,34412,1462883727834/agro%2C34412%2C1462883727834.1462909685446, entries=0, filesize=134.  for /home/shriyansh/Awesome_Stuff/Research/nutch/data/.logs/agro,34412,1462883727834/agro%2C34412%2C1462883727834.1462913285483
2016-05-11 02:18:05,512 DEBUG org.apache.hadoop.hbase.regionserver.wal.HLog: Last sequenceid written is empty. Deleting all old hlogs
2016-05-11 02:18:05,512 INFO org.apache.hadoop.hbase.regionserver.wal.HLog: moving old hlog file /home/shriyansh/Awesome_Stuff/Research/nutch/data/.logs/agro,34412,1462883727834/agro%2C34412%2C1462883727834.1462909685446 whose highest sequenceid is 36278 to /home/shriyansh/Awesome_Stuff/Research/nutch/data/.oldlogs/agro%2C34412%2C1462883727834.1462909685446
2016-05-11 02:20:27,850 DEBUG org.apache.hadoop.hbase.io.hfile.LruBlockCache: Stats: total=17.84 MB, free=223.85 MB, max=241.69 MB, blocks=215, accesses=37423, hits=37208, hitRatio=99.42%, , cachingAccesses=37423, cachingHits=37208, cachingHitsRatio=99.42%, , evictions=0, evicted=0, evictedPerRun=NaN
2016-05-11 02:20:36,338 INFO org.apache.hadoop.hbase.master.LoadBalancer: Skipping load balancing because balanced cluster; servers=1 regions=1 average=1.0 mostloaded=1 leastloaded=1
2016-05-11 02:20:36,345 DEBUG org.apache.hadoop.hbase.client.MetaScanner: Scanning .META. starting at row= for max=2147483647 rows using org.apache.hadoop.hbase.client.HConnectionManager$HConnectionImplementation@1be68d72
2016-05-11 02:20:36,347 DEBUG org.apache.hadoop.hbase.master.CatalogJanitor: Scanned 1 catalog row(s) and gc'd 0 unreferenced parent region(s)
2016-05-11 02:25:27,850 DEBUG org.apache.hadoop.hbase.io.hfile.LruBlockCache: Stats: total=17.84 MB, free=223.85 MB, max=241.69 MB, blocks=215, accesses=37424, hits=37209, hitRatio=99.42%, , cachingAccesses=37424, cachingHits=37209, cachingHitsRatio=99.42%, , evictions=0, evicted=0, evictedPerRun=NaN
2016-05-11 02:25:36,338 INFO org.apache.hadoop.hbase.master.LoadBalancer: Skipping load balancing because balanced cluster; servers=1 regions=1 average=1.0 mostloaded=1 leastloaded=1
2016-05-11 02:25:36,344 DEBUG org.apache.hadoop.hbase.client.MetaScanner: Scanning .META. starting at row= for max=2147483647 rows using org.apache.hadoop.hbase.client.HConnectionManager$HConnectionImplementation@1be68d72
2016-05-11 02:25:36,346 DEBUG org.apache.hadoop.hbase.master.CatalogJanitor: Scanned 1 catalog row(s) and gc'd 0 unreferenced parent region(s)
2016-05-11 02:30:27,850 DEBUG org.apache.hadoop.hbase.io.hfile.LruBlockCache: Stats: total=17.84 MB, free=223.85 MB, max=241.69 MB, blocks=215, accesses=37425, hits=37210, hitRatio=99.42%, , cachingAccesses=37425, cachingHits=37210, cachingHitsRatio=99.42%, , evictions=0, evicted=0, evictedPerRun=NaN
2016-05-11 02:30:36,338 INFO org.apache.hadoop.hbase.master.LoadBalancer: Skipping load balancing because balanced cluster; servers=1 regions=1 average=1.0 mostloaded=1 leastloaded=1
2016-05-11 02:30:36,344 DEBUG org.apache.hadoop.hbase.client.MetaScanner: Scanning .META. starting at row= for max=2147483647 rows using org.apache.hadoop.hbase.client.HConnectionManager$HConnectionImplementation@1be68d72
2016-05-11 02:30:36,346 DEBUG org.apache.hadoop.hbase.master.CatalogJanitor: Scanned 1 catalog row(s) and gc'd 0 unreferenced parent region(s)
2016-05-11 02:35:27,850 DEBUG org.apache.hadoop.hbase.io.hfile.LruBlockCache: Stats: total=17.84 MB, free=223.85 MB, max=241.69 MB, blocks=215, accesses=37426, hits=37211, hitRatio=99.42%, , cachingAccesses=37426, cachingHits=37211, cachingHitsRatio=99.42%, , evictions=0, evicted=0, evictedPerRun=NaN
2016-05-11 02:35:36,338 INFO org.apache.hadoop.hbase.master.LoadBalancer: Skipping load balancing because balanced cluster; servers=1 regions=1 average=1.0 mostloaded=1 leastloaded=1
2016-05-11 02:35:36,344 DEBUG org.apache.hadoop.hbase.client.MetaScanner: Scanning .META. starting at row= for max=2147483647 rows using org.apache.hadoop.hbase.client.HConnectionManager$HConnectionImplementation@1be68d72
2016-05-11 02:35:36,345 DEBUG org.apache.hadoop.hbase.master.CatalogJanitor: Scanned 1 catalog row(s) and gc'd 0 unreferenced parent region(s)
2016-05-11 02:40:27,850 DEBUG org.apache.hadoop.hbase.io.hfile.LruBlockCache: Stats: total=17.84 MB, free=223.85 MB, max=241.69 MB, blocks=215, accesses=37427, hits=37212, hitRatio=99.42%, , cachingAccesses=37427, cachingHits=37212, cachingHitsRatio=99.42%, , evictions=0, evicted=0, evictedPerRun=NaN
2016-05-11 02:40:36,338 INFO org.apache.hadoop.hbase.master.LoadBalancer: Skipping load balancing because balanced cluster; servers=1 regions=1 average=1.0 mostloaded=1 leastloaded=1
2016-05-11 02:40:36,345 DEBUG org.apache.hadoop.hbase.client.MetaScanner: Scanning .META. starting at row= for max=2147483647 rows using org.apache.hadoop.hbase.client.HConnectionManager$HConnectionImplementation@1be68d72
2016-05-11 02:40:36,346 DEBUG org.apache.hadoop.hbase.master.CatalogJanitor: Scanned 1 catalog row(s) and gc'd 0 unreferenced parent region(s)
2016-05-11 02:45:27,850 DEBUG org.apache.hadoop.hbase.io.hfile.LruBlockCache: Stats: total=17.84 MB, free=223.85 MB, max=241.69 MB, blocks=215, accesses=37428, hits=37213, hitRatio=99.42%, , cachingAccesses=37428, cachingHits=37213, cachingHitsRatio=99.42%, , evictions=0, evicted=0, evictedPerRun=NaN
2016-05-11 02:45:36,339 INFO org.apache.hadoop.hbase.master.LoadBalancer: Skipping load balancing because balanced cluster; servers=1 regions=1 average=1.0 mostloaded=1 leastloaded=1
2016-05-11 02:45:36,346 DEBUG org.apache.hadoop.hbase.client.MetaScanner: Scanning .META. starting at row= for max=2147483647 rows using org.apache.hadoop.hbase.client.HConnectionManager$HConnectionImplementation@1be68d72
2016-05-11 02:45:36,348 DEBUG org.apache.hadoop.hbase.master.CatalogJanitor: Scanned 1 catalog row(s) and gc'd 0 unreferenced parent region(s)
2016-05-11 09:30:54,511 WARN org.apache.hadoop.hbase.util.Sleeper: We slept 24176783ms instead of 1000ms, this is likely due to a long garbage collecting pause and it's usually bad, see http://hbase.apache.org/book.html#trouble.rs.runtime.zkexpired
2016-05-11 09:30:54,511 INFO org.apache.zookeeper.ClientCnxn: Client session timed out, have not heard from server in 24183932ms for sessionid 0x1549aaa36a90002, closing socket connection and attempting reconnect
2016-05-11 09:30:54,511 WARN org.apache.zookeeper.server.NIOServerCnxn: caught end of stream exception
EndOfStreamException: Unable to read additional data from client sessionid 0x1549aaa36a90002, likely client has closed socket
	at org.apache.zookeeper.server.NIOServerCnxn.doIO(NIOServerCnxn.java:220)
	at org.apache.zookeeper.server.NIOServerCnxnFactory.run(NIOServerCnxnFactory.java:208)
	at java.lang.Thread.run(Thread.java:745)
2016-05-11 09:30:54,512 INFO org.apache.zookeeper.server.NIOServerCnxn: Closed socket connection for client /127.0.0.1:52828 which had sessionid 0x1549aaa36a90002
2016-05-11 09:30:54,515 WARN org.apache.hadoop.hbase.util.Sleeper: We slept 24184803ms instead of 10000ms, this is likely due to a long garbage collecting pause and it's usually bad, see http://hbase.apache.org/book.html#trouble.rs.runtime.zkexpired
2016-05-11 09:30:54,515 INFO org.apache.zookeeper.ClientCnxn: Client session timed out, have not heard from server in 24183652ms for sessionid 0x1549aaa36a90001, closing socket connection and attempting reconnect
2016-05-11 09:30:54,516 INFO org.apache.zookeeper.ClientCnxn: Client session timed out, have not heard from server in 24183511ms for sessionid 0x1549aaa36a90000, closing socket connection and attempting reconnect
2016-05-11 09:30:54,516 WARN org.apache.hadoop.hbase.util.Sleeper: We slept 24176374ms instead of 1000ms, this is likely due to a long garbage collecting pause and it's usually bad, see http://hbase.apache.org/book.html#trouble.rs.runtime.zkexpired
2016-05-11 09:30:54,516 INFO org.apache.zookeeper.server.ZooKeeperServer: Expiring session 0x1549aaa36a90001, timeout of 40000ms exceeded
2016-05-11 09:30:54,516 INFO org.apache.zookeeper.server.ZooKeeperServer: Expiring session 0x1549aaa36a90002, timeout of 40000ms exceeded
2016-05-11 09:30:54,516 INFO org.apache.zookeeper.server.ZooKeeperServer: Expiring session 0x1549aaa36a90000, timeout of 40000ms exceeded
2016-05-11 09:30:54,517 INFO org.apache.zookeeper.server.PrepRequestProcessor: Processed session termination for sessionid: 0x1549aaa36a90001
2016-05-11 09:30:54,517 INFO org.apache.zookeeper.server.PrepRequestProcessor: Processed session termination for sessionid: 0x1549aaa36a90002
2016-05-11 09:30:54,517 INFO org.apache.zookeeper.server.PrepRequestProcessor: Processed session termination for sessionid: 0x1549aaa36a90000
2016-05-11 09:30:54,523 WARN org.apache.hadoop.hbase.util.Sleeper: We slept 24184963ms instead of 10000ms, this is likely due to a long garbage collecting pause and it's usually bad, see http://hbase.apache.org/book.html#trouble.rs.runtime.zkexpired
2016-05-11 09:30:54,524 WARN org.apache.zookeeper.server.NIOServerCnxn: caught end of stream exception
EndOfStreamException: Unable to read additional data from client sessionid 0x1549aaa36a90000, likely client has closed socket
	at org.apache.zookeeper.server.NIOServerCnxn.doIO(NIOServerCnxn.java:220)
	at org.apache.zookeeper.server.NIOServerCnxnFactory.run(NIOServerCnxnFactory.java:208)
	at java.lang.Thread.run(Thread.java:745)
2016-05-11 09:30:54,525 INFO org.apache.zookeeper.server.NIOServerCnxn: Closed socket connection for client /127.0.0.1:52820 which had sessionid 0x1549aaa36a90000
2016-05-11 09:30:54,525 WARN org.apache.zookeeper.server.NIOServerCnxn: caught end of stream exception
EndOfStreamException: Unable to read additional data from client sessionid 0x1549aaa36a90001, likely client has closed socket
	at org.apache.zookeeper.server.NIOServerCnxn.doIO(NIOServerCnxn.java:220)
	at org.apache.zookeeper.server.NIOServerCnxnFactory.run(NIOServerCnxnFactory.java:208)
	at java.lang.Thread.run(Thread.java:745)
2016-05-11 09:30:54,525 INFO org.apache.zookeeper.server.NIOServerCnxn: Closed socket connection for client /127.0.0.1:52822 which had sessionid 0x1549aaa36a90001
2016-05-11 09:30:54,599 WARN org.apache.hadoop.hbase.util.Sleeper: We slept 24176180ms instead of 3000ms, this is likely due to a long garbage collecting pause and it's usually bad, see http://hbase.apache.org/book.html#trouble.rs.runtime.zkexpired
2016-05-11 09:30:55,687 INFO org.apache.zookeeper.ClientCnxn: Opening socket connection to server localhost/127.0.0.1:2181. Will not attempt to authenticate using SASL (unknown error)
2016-05-11 09:30:55,687 INFO org.apache.zookeeper.ClientCnxn: Socket connection established to localhost/127.0.0.1:2181, initiating session
2016-05-11 09:30:55,687 INFO org.apache.zookeeper.server.NIOServerCnxnFactory: Accepted socket connection from /127.0.0.1:33700
2016-05-11 09:30:55,688 INFO org.apache.zookeeper.server.ZooKeeperServer: Client attempting to renew session 0x1549aaa36a90002 at /127.0.0.1:33700
2016-05-11 09:30:55,689 INFO org.apache.zookeeper.server.ZooKeeperServer: Invalid session 0x1549aaa36a90002 for client /127.0.0.1:33700, probably expired
2016-05-11 09:30:55,689 INFO org.apache.zookeeper.ClientCnxn: Unable to reconnect to ZooKeeper service, session 0x1549aaa36a90002 has expired, closing socket connection
2016-05-11 09:30:55,689 INFO org.apache.zookeeper.server.NIOServerCnxn: Closed socket connection for client /127.0.0.1:33700 which had sessionid 0x1549aaa36a90002
2016-05-11 09:30:55,689 INFO org.apache.hadoop.hbase.client.HConnectionManager$HConnectionImplementation: This client just lost it's session with ZooKeeper, will automatically reconnect when needed.
2016-05-11 09:30:55,689 INFO org.apache.hadoop.hbase.client.HConnectionManager$HConnectionImplementation: ZK session expired. This disconnect could have been caused by a network partition or a long-running GC pause, either way it's recommended that you verify your environment.
2016-05-11 09:30:55,689 INFO org.apache.zookeeper.ClientCnxn: EventThread shut down
2016-05-11 09:30:55,932 INFO org.apache.zookeeper.ClientCnxn: Opening socket connection to server localhost/127.0.0.1:2181. Will not attempt to authenticate using SASL (unknown error)
2016-05-11 09:30:55,932 INFO org.apache.zookeeper.ClientCnxn: Socket connection established to localhost/127.0.0.1:2181, initiating session
2016-05-11 09:30:55,932 INFO org.apache.zookeeper.server.NIOServerCnxnFactory: Accepted socket connection from /127.0.0.1:33702
2016-05-11 09:30:55,932 INFO org.apache.zookeeper.server.ZooKeeperServer: Client attempting to renew session 0x1549aaa36a90000 at /127.0.0.1:33702
2016-05-11 09:30:55,933 INFO org.apache.zookeeper.server.ZooKeeperServer: Invalid session 0x1549aaa36a90000 for client /127.0.0.1:33702, probably expired
2016-05-11 09:30:55,933 INFO org.apache.zookeeper.ClientCnxn: Unable to reconnect to ZooKeeper service, session 0x1549aaa36a90000 has expired, closing socket connection
2016-05-11 09:30:55,933 INFO org.apache.zookeeper.server.NIOServerCnxn: Closed socket connection for client /127.0.0.1:33702 which had sessionid 0x1549aaa36a90000
2016-05-11 09:30:55,933 FATAL org.apache.hadoop.hbase.master.HMaster: Master server abort: loaded coprocessors are: []
2016-05-11 09:30:55,933 INFO org.apache.hadoop.hbase.master.HMaster: Primary Master trying to recover from ZooKeeper session expiry.
2016-05-11 09:30:55,933 INFO org.apache.hadoop.hbase.zookeeper.RecoverableZooKeeper: Closing dead ZooKeeper connection, session was: 0x1549aaa36a90000
2016-05-11 09:30:55,933 INFO org.apache.zookeeper.ZooKeeper: Initiating client connection, connectString=localhost:2181 sessionTimeout=180000 watcher=master:33069-0x1549aaa36a90000
2016-05-11 09:30:55,933 INFO org.apache.hadoop.hbase.zookeeper.RecoverableZooKeeper: Recreated a ZooKeeper, session is: 0x0
2016-05-11 09:30:55,934 INFO org.apache.zookeeper.ClientCnxn: Opening socket connection to server localhost/127.0.0.1:2181. Will not attempt to authenticate using SASL (unknown error)
2016-05-11 09:30:55,934 INFO org.apache.zookeeper.server.NIOServerCnxnFactory: Accepted socket connection from /127.0.0.1:33704
2016-05-11 09:30:55,939 INFO org.apache.zookeeper.ClientCnxn: Socket connection established to localhost/127.0.0.1:2181, initiating session
2016-05-11 09:30:55,939 INFO org.apache.zookeeper.server.ZooKeeperServer: Client attempting to establish new session at /127.0.0.1:33704
2016-05-11 09:30:56,059 WARN org.apache.zookeeper.server.persistence.FileTxnLog: fsync-ing the write ahead log in SyncThread:0 took 1541ms which will adversely effect operation latency. See the ZooKeeper troubleshooting guide
2016-05-11 09:30:56,133 INFO org.apache.zookeeper.ClientCnxn: Opening socket connection to server localhost/127.0.0.1:2181. Will not attempt to authenticate using SASL (unknown error)
2016-05-11 09:30:56,133 INFO org.apache.zookeeper.ClientCnxn: Socket connection established to localhost/127.0.0.1:2181, initiating session
2016-05-11 09:30:56,133 INFO org.apache.zookeeper.server.NIOServerCnxnFactory: Accepted socket connection from /127.0.0.1:33708
2016-05-11 09:30:56,133 INFO org.apache.zookeeper.server.ZooKeeperServer: Client attempting to renew session 0x1549aaa36a90001 at /127.0.0.1:33708
2016-05-11 09:30:56,133 INFO org.apache.zookeeper.server.ZooKeeperServer: Invalid session 0x1549aaa36a90001 for client /127.0.0.1:33708, probably expired
2016-05-11 09:30:56,134 INFO org.apache.zookeeper.ClientCnxn: Unable to reconnect to ZooKeeper service, session 0x1549aaa36a90001 has expired, closing socket connection
2016-05-11 09:30:56,134 INFO org.apache.zookeeper.server.NIOServerCnxn: Closed socket connection for client /127.0.0.1:33708 which had sessionid 0x1549aaa36a90001
2016-05-11 09:30:56,134 FATAL org.apache.hadoop.hbase.regionserver.HRegionServer: ABORTING region server agro,34412,1462883727834: regionserver:34412-0x1549aaa36a90001 regionserver:34412-0x1549aaa36a90001 received expired from ZooKeeper, aborting
org.apache.zookeeper.KeeperException$SessionExpiredException: KeeperErrorCode = Session expired
	at org.apache.hadoop.hbase.zookeeper.ZooKeeperWatcher.connectionEvent(ZooKeeperWatcher.java:386)
	at org.apache.hadoop.hbase.zookeeper.ZooKeeperWatcher.process(ZooKeeperWatcher.java:305)
	at org.apache.zookeeper.ClientCnxn$EventThread.processEvent(ClientCnxn.java:519)
	at org.apache.zookeeper.ClientCnxn$EventThread.run(ClientCnxn.java:495)
2016-05-11 09:30:56,134 FATAL org.apache.hadoop.hbase.regionserver.HRegionServer: RegionServer abort: loaded coprocessors are: []
2016-05-11 09:30:56,134 INFO org.apache.hadoop.hbase.regionserver.HRegionServer: Dump of metrics: requestsPerSecond=0, numberOfOnlineRegions=3, numberOfStores=10, hlogFileCount=1, hlogFileSizeMB=24, numberOfStorefiles=25, storefileIndexSizeMB=0, rootIndexSizeKB=111, totalStaticIndexSizeKB=73, totalStaticBloomSizeKB=0, memstoreSizeMB=0, mbInMemoryWithoutWAL=0, numberOfPutsWithoutWAL=0, readRequestsCount=39988, writeRequestsCount=36270, compactionQueueSize=0, flushQueueSize=0, usedHeapMB=186, maxHeapMB=966, blockCacheSizeMB=17.84, blockCacheFreeMB=223.85, blockCacheCount=215, blockCacheHitCount=37214, blockCacheMissCount=215, blockCacheEvictedCount=0, blockCacheHitRatio=99%, blockCacheHitCachingRatio=99%, hdfsBlocksLocalityIndex=0, slowHLogAppendCount=0, fsReadLatencyHistogramMean=417455.93, fsReadLatencyHistogramCount=209, fsReadLatencyHistogramMedian=305120, fsReadLatencyHistogram75th=529405, fsReadLatencyHistogram95th=1015545, fsReadLatencyHistogram99th=1925359.1, fsReadLatencyHistogram999th=3839094, fsPreadLatencyHistogramMean=468596.67, fsPreadLatencyHistogramCount=6, fsPreadLatencyHistogramMedian=349159, fsPreadLatencyHistogram75th=598027.25, fsPreadLatencyHistogram95th=1069400, fsPreadLatencyHistogram99th=1069400, fsPreadLatencyHistogram999th=1069400, fsWriteLatencyHistogramMean=175919.47, fsWriteLatencyHistogramCount=876, fsWriteLatencyHistogramMedian=145186.5, fsWriteLatencyHistogram75th=195543.25, fsWriteLatencyHistogram95th=289490.05, fsWriteLatencyHistogram99th=448781.96, fsWriteLatencyHistogram999th=5156490
2016-05-11 09:30:56,135 ERROR org.apache.hadoop.hbase.master.HMaster: Region server   agro,34412,1462883727834 reported a fatal error:
ABORTING region server agro,34412,1462883727834: regionserver:34412-0x1549aaa36a90001 regionserver:34412-0x1549aaa36a90001 received expired from ZooKeeper, aborting
Cause:
org.apache.zookeeper.KeeperException$SessionExpiredException: KeeperErrorCode = Session expired
	at org.apache.hadoop.hbase.zookeeper.ZooKeeperWatcher.connectionEvent(ZooKeeperWatcher.java:386)
	at org.apache.hadoop.hbase.zookeeper.ZooKeeperWatcher.process(ZooKeeperWatcher.java:305)
	at org.apache.zookeeper.ClientCnxn$EventThread.processEvent(ClientCnxn.java:519)
	at org.apache.zookeeper.ClientCnxn$EventThread.run(ClientCnxn.java:495)

2016-05-11 09:30:56,136 INFO org.apache.hadoop.hbase.regionserver.HRegionServer: STOPPED: regionserver:34412-0x1549aaa36a90001 regionserver:34412-0x1549aaa36a90001 received expired from ZooKeeper, aborting
2016-05-11 09:30:56,136 INFO org.apache.zookeeper.ClientCnxn: EventThread shut down
2016-05-11 09:30:56,136 INFO org.apache.hadoop.ipc.HBaseServer: Stopping server on 34412
2016-05-11 09:30:56,136 INFO org.apache.hadoop.ipc.HBaseServer: PRI IPC Server handler 6 on 34412: exiting
2016-05-11 09:30:56,136 INFO org.apache.hadoop.ipc.HBaseServer: PRI IPC Server handler 0 on 34412: exiting
2016-05-11 09:30:56,136 INFO org.apache.hadoop.ipc.HBaseServer: REPL IPC Server handler 0 on 34412: exiting
2016-05-11 09:30:56,136 INFO org.apache.hadoop.ipc.HBaseServer: REPL IPC Server handler 1 on 34412: exiting
2016-05-11 09:30:56,136 INFO org.apache.hadoop.ipc.HBaseServer: Stopping IPC Server listener on 34412
2016-05-11 09:30:56,137 INFO org.apache.hadoop.ipc.HBaseServer: IPC Server handler 1 on 34412: exiting
2016-05-11 09:30:56,137 INFO org.apache.hadoop.hbase.regionserver.SplitLogWorker: Sending interrupt to stop the worker thread
2016-05-11 09:30:56,137 INFO org.apache.hadoop.hbase.regionserver.HRegionServer: Stopping infoServer
2016-05-11 09:30:56,137 INFO org.apache.hadoop.ipc.HBaseServer: IPC Server handler 6 on 34412: exiting
2016-05-11 09:30:56,137 INFO org.apache.hadoop.ipc.HBaseServer: Stopping IPC Server Responder
2016-05-11 09:30:56,136 INFO org.apache.hadoop.ipc.HBaseServer: IPC Server handler 3 on 34412: exiting
2016-05-11 09:30:56,137 INFO org.apache.hadoop.hbase.regionserver.SplitLogWorker: SplitLogWorker interrupted while waiting for task, exiting: java.lang.InterruptedException
2016-05-11 09:30:56,137 INFO org.apache.hadoop.ipc.HBaseServer: IPC Server handler 0 on 34412: exiting
2016-05-11 09:30:56,136 INFO org.apache.hadoop.ipc.HBaseServer: REPL IPC Server handler 2 on 34412: exiting
2016-05-11 09:30:56,137 INFO org.apache.hadoop.ipc.HBaseServer: PRI IPC Server handler 8 on 34412: exiting
2016-05-11 09:30:56,137 INFO org.apache.hadoop.ipc.HBaseServer: PRI IPC Server handler 7 on 34412: exiting
2016-05-11 09:30:56,137 INFO org.apache.hadoop.ipc.HBaseServer: PRI IPC Server handler 1 on 34412: exiting
2016-05-11 09:30:56,137 INFO org.apache.hadoop.hbase.regionserver.SplitLogWorker: SplitLogWorker agro,34412,1462883727834 exiting
2016-05-11 09:30:56,137 INFO org.apache.hadoop.ipc.HBaseServer: IPC Server handler 9 on 34412: exiting
2016-05-11 09:30:56,137 INFO org.apache.hadoop.ipc.HBaseServer: Stopping IPC Server Responder
2016-05-11 09:30:56,137 INFO org.apache.hadoop.ipc.HBaseServer: IPC Server handler 2 on 34412: exiting
2016-05-11 09:30:56,137 INFO org.mortbay.log: Stopped SelectChannelConnector@0.0.0.0:0
2016-05-11 09:30:56,137 INFO org.apache.hadoop.ipc.HBaseServer: IPC Server handler 7 on 34412: exiting
2016-05-11 09:30:56,136 INFO org.apache.hadoop.ipc.HBaseServer: IPC Server handler 5 on 34412: exiting
2016-05-11 09:30:56,136 INFO org.apache.hadoop.ipc.HBaseServer: IPC Server handler 4 on 34412: exiting
2016-05-11 09:30:56,137 INFO org.apache.hadoop.ipc.HBaseServer: IPC Server handler 8 on 34412: exiting
2016-05-11 09:30:56,137 INFO org.apache.hadoop.ipc.HBaseServer: PRI IPC Server handler 5 on 34412: exiting
2016-05-11 09:30:56,137 INFO org.apache.hadoop.ipc.HBaseServer: PRI IPC Server handler 4 on 34412: exiting
2016-05-11 09:30:56,137 INFO org.apache.hadoop.ipc.HBaseServer: PRI IPC Server handler 3 on 34412: exiting
2016-05-11 09:30:56,137 INFO org.apache.hadoop.ipc.HBaseServer: PRI IPC Server handler 2 on 34412: exiting
2016-05-11 09:30:56,137 INFO org.apache.hadoop.ipc.HBaseServer: PRI IPC Server handler 9 on 34412: exiting
2016-05-11 09:30:56,230 INFO org.apache.zookeeper.server.ZooKeeperServer: Established session 0x1549aaa36a90100 with negotiated timeout 40000 for client /127.0.0.1:33704
2016-05-11 09:30:56,230 INFO org.apache.zookeeper.ClientCnxn: Session establishment complete on server localhost/127.0.0.1:2181, sessionid = 0x1549aaa36a90100, negotiated timeout = 40000
2016-05-11 09:30:56,311 INFO org.apache.hadoop.hbase.regionserver.snapshot.RegionServerSnapshotManager: Stopping RegionServerSnapshotManager abruptly.
2016-05-11 09:30:56,311 INFO org.apache.hadoop.hbase.regionserver.LogRoller: LogRoller exiting.
2016-05-11 09:30:56,311 INFO org.apache.hadoop.hbase.regionserver.MemStoreFlusher: RegionServer:0;agro,34412,1462883727834.cacheFlusher exiting
2016-05-11 09:30:56,311 INFO org.apache.hadoop.hbase.regionserver.HRegionServer$CompactionChecker: RegionServer:0;agro,34412,1462883727834.compactionChecker exiting
2016-05-11 09:30:56,311 DEBUG org.apache.hadoop.hbase.io.hfile.LruBlockCache: Block cache LRU eviction started; Attempting to free -167349.33 KB of total=17.84 MB
2016-05-11 09:30:56,311 INFO org.apache.hadoop.hbase.regionserver.HRegionServer: aborting server agro,34412,1462883727834
2016-05-11 09:30:56,312 DEBUG org.apache.hadoop.hbase.catalog.CatalogTracker: Stopping catalog tracker org.apache.hadoop.hbase.catalog.CatalogTracker@1d5698d
2016-05-11 09:30:56,312 DEBUG org.apache.hadoop.hbase.regionserver.handler.CloseRegionHandler: Processing close of webpage,,1462884182300.23f636da71bc00cd722901e7874a4d63.
2016-05-11 09:30:56,312 DEBUG org.apache.hadoop.hbase.regionserver.CompactSplitThread: Waiting for Split Thread to finish...
2016-05-11 09:30:56,312 DEBUG org.apache.hadoop.hbase.regionserver.CompactSplitThread: Waiting for Large Compaction Thread to finish...
2016-05-11 09:30:56,312 DEBUG org.apache.hadoop.hbase.regionserver.HRegion: Closing webpage,,1462884182300.23f636da71bc00cd722901e7874a4d63.: disabling compactions & flushes
2016-05-11 09:30:56,312 DEBUG org.apache.hadoop.hbase.regionserver.HRegion: Updates disabled for region webpage,,1462884182300.23f636da71bc00cd722901e7874a4d63.
2016-05-11 09:30:56,312 DEBUG org.apache.hadoop.hbase.regionserver.CompactSplitThread: Waiting for Small Compaction Thread to finish...
2016-05-11 09:30:56,312 DEBUG org.apache.hadoop.hbase.regionserver.handler.CloseRegionHandler: Processing close of .META.,,1.1028785192
2016-05-11 09:30:56,312 DEBUG org.apache.hadoop.hbase.regionserver.HRegion: Closing .META.,,1.1028785192: disabling compactions & flushes
2016-05-11 09:30:56,312 DEBUG org.apache.hadoop.hbase.regionserver.HRegion: Updates disabled for region .META.,,1.1028785192
2016-05-11 09:30:56,312 INFO org.apache.hadoop.hbase.regionserver.HRegionServer: Waiting on 3 regions to close
2016-05-11 09:30:56,315 DEBUG org.apache.hadoop.hbase.regionserver.handler.CloseRegionHandler: Processing close of -ROOT-,,0.70236052
2016-05-11 09:30:56,315 DEBUG org.apache.hadoop.hbase.regionserver.HRegionServer: {1028785192=.META.,,1.1028785192, 23f636da71bc00cd722901e7874a4d63=webpage,,1462884182300.23f636da71bc00cd722901e7874a4d63., 70236052=-ROOT-,,0.70236052}
2016-05-11 09:30:56,315 DEBUG org.apache.hadoop.hbase.regionserver.HRegion: Closing -ROOT-,,0.70236052: disabling compactions & flushes
2016-05-11 09:30:56,315 DEBUG org.apache.hadoop.hbase.regionserver.HRegion: Updates disabled for region -ROOT-,,0.70236052
2016-05-11 09:30:56,316 INFO org.apache.hadoop.hbase.regionserver.Store: Closed info
2016-05-11 09:30:56,316 INFO org.apache.hadoop.hbase.regionserver.HRegion: Closed .META.,,1.1028785192
2016-05-11 09:30:56,317 DEBUG org.apache.hadoop.hbase.regionserver.handler.CloseRegionHandler: Closed region .META.,,1.1028785192
2016-05-11 09:30:56,317 INFO org.apache.hadoop.hbase.regionserver.Store: Closed info
2016-05-11 09:30:56,317 INFO org.apache.hadoop.hbase.regionserver.HRegion: Closed -ROOT-,,0.70236052
2016-05-11 09:30:56,317 DEBUG org.apache.hadoop.hbase.regionserver.handler.CloseRegionHandler: Closed region -ROOT-,,0.70236052
2016-05-11 09:30:56,318 INFO org.apache.hadoop.hbase.regionserver.Store: Closed f
2016-05-11 09:30:56,319 INFO org.apache.hadoop.hbase.regionserver.Store: Closed h
2016-05-11 09:30:56,319 INFO org.apache.hadoop.hbase.regionserver.Store: Closed il
2016-05-11 09:30:56,320 INFO org.apache.hadoop.hbase.regionserver.Store: Closed mk
2016-05-11 09:30:56,322 INFO org.apache.hadoop.hbase.regionserver.Store: Closed mtdt
2016-05-11 09:30:56,322 INFO org.apache.hadoop.hbase.regionserver.Store: Closed ol
2016-05-11 09:30:56,323 INFO org.apache.hadoop.hbase.regionserver.Store: Closed p
2016-05-11 09:30:56,327 INFO org.apache.hadoop.hbase.master.ActiveMasterManager: Deleting ZNode for /hbase/backup-masters/agro,33069,1462883727454 from backup master directory
2016-05-11 09:30:56,328 INFO org.apache.zookeeper.server.PrepRequestProcessor: Got user-level KeeperException when processing sessionid:0x1549aaa36a90100 type:delete cxid:0x5 zxid:0x234 txntype:-1 reqpath:n/a Error Path:/hbase/backup-masters/agro,33069,1462883727454 Error:KeeperErrorCode = NoNode for /hbase/backup-masters/agro,33069,1462883727454
2016-05-11 09:30:56,328 INFO org.apache.hadoop.hbase.regionserver.Store: Closed s
2016-05-11 09:30:56,329 INFO org.apache.hadoop.hbase.regionserver.HRegion: Closed webpage,,1462884182300.23f636da71bc00cd722901e7874a4d63.
2016-05-11 09:30:56,329 DEBUG org.apache.hadoop.hbase.regionserver.handler.CloseRegionHandler: Closed region webpage,,1462884182300.23f636da71bc00cd722901e7874a4d63.
2016-05-11 09:30:56,346 WARN org.apache.hadoop.hbase.zookeeper.RecoverableZooKeeper: Node /hbase/backup-masters/agro,33069,1462883727454 already deleted, and this is not a retry
2016-05-11 09:30:56,346 INFO org.apache.hadoop.hbase.master.ActiveMasterManager: Master=agro,33069,1462883727454
2016-05-11 09:30:56,347 INFO org.apache.hadoop.hbase.master.SplitLogManager: timeout = 300000
2016-05-11 09:30:56,347 INFO org.apache.hadoop.hbase.master.SplitLogManager: unassigned timeout = 180000
2016-05-11 09:30:56,347 INFO org.apache.hadoop.hbase.master.SplitLogManager: resubmit threshold = 3
2016-05-11 09:30:56,347 INFO org.apache.hadoop.hbase.master.SplitLogManager: found 0 orphan tasks and 0 rescan nodes
2016-05-11 09:30:56,490 DEBUG org.apache.hadoop.hbase.catalog.CatalogTracker: Starting catalog tracker org.apache.hadoop.hbase.catalog.CatalogTracker@3e61e773
2016-05-11 09:30:56,497 INFO org.apache.hadoop.hbase.master.HMaster: Server active/primary master; agro,33069,1462883727454, sessionid=0x1549aaa36a90100, cluster-up flag was=true
2016-05-11 09:30:56,497 INFO org.apache.hadoop.hbase.master.snapshot.SnapshotManager: Snapshot feature is not enabled, missing log and hfile cleaners.
2016-05-11 09:30:56,497 INFO org.apache.zookeeper.server.PrepRequestProcessor: Got user-level KeeperException when processing sessionid:0x1549aaa36a90100 type:create cxid:0x12 zxid:0x236 txntype:-1 reqpath:n/a Error Path:/hbase/online-snapshot/acquired Error:KeeperErrorCode = NodeExists for /hbase/online-snapshot/acquired
2016-05-11 09:30:56,515 INFO org.apache.hadoop.hbase.regionserver.HRegionServer: stopping server agro,34412,1462883727834; all regions closed.
2016-05-11 09:30:56,516 INFO org.apache.hadoop.hbase.regionserver.wal.HLog: RegionServer:0;agro,34412,1462883727834.logSyncer exiting
2016-05-11 09:30:56,516 DEBUG org.apache.hadoop.hbase.regionserver.wal.HLog: closing hlog writer in /home/shriyansh/Awesome_Stuff/Research/nutch/data/.logs/agro,34412,1462883727834
2016-05-11 09:30:56,579 INFO org.apache.hadoop.hbase.zookeeper.RecoverableZooKeeper: Node /hbase/online-snapshot/acquired already exists and this is not a retry
2016-05-11 09:30:56,580 INFO org.apache.hadoop.hbase.procedure.ZKProcedureUtil: Clearing all procedure znodes: /hbase/online-snapshot/acquired /hbase/online-snapshot/reached /hbase/online-snapshot/abort
2016-05-11 09:30:56,581 DEBUG org.apache.hadoop.hbase.procedure.ZKProcedureCoordinatorRpcs: Starting the controller for procedure member:agro,33069,1462883727454
2016-05-11 09:30:56,581 INFO org.apache.hadoop.hbase.master.ServerManager: Waiting for region servers count to settle; currently checked in 1, slept for 0 ms, expecting minimum of 1, maximum of 2147483647, timeout of 4500 ms, interval of 1500 ms.
2016-05-11 09:30:56,617 INFO org.apache.hadoop.hbase.regionserver.Leases: RegionServer:0;agro,34412,1462883727834 closing leases
2016-05-11 09:30:56,617 INFO org.apache.hadoop.hbase.regionserver.Leases: RegionServer:0;agro,34412,1462883727834 closed leases
2016-05-11 09:30:57,357 WARN org.apache.hadoop.hbase.util.Sleeper: We slept 24183180ms instead of 10000ms, this is likely due to a long garbage collecting pause and it's usually bad, see http://hbase.apache.org/book.html#trouble.rs.runtime.zkexpired
2016-05-11 09:30:58,085 INFO org.apache.hadoop.hbase.master.ServerManager: Waiting for region servers count to settle; currently checked in 1, slept for 1504 ms, expecting minimum of 1, maximum of 2147483647, timeout of 4500 ms, interval of 1500 ms.
2016-05-11 09:30:59,593 INFO org.apache.hadoop.hbase.master.ServerManager: Waiting for region servers count to settle; currently checked in 1, slept for 3012 ms, expecting minimum of 1, maximum of 2147483647, timeout of 4500 ms, interval of 1500 ms.
2016-05-11 09:31:01,097 INFO org.apache.hadoop.hbase.master.ServerManager: Finished waiting for region servers count to settle; checked in 1, slept for 4516 ms, expecting minimum of 1, maximum of 2147483647, master is running.
2016-05-11 09:31:01,107 INFO org.apache.hadoop.hbase.master.MasterFileSystem: Log folder file:/home/shriyansh/Awesome_Stuff/Research/nutch/data/.logs/agro,34412,1462883727834 belongs to an existing region server
2016-05-11 09:31:01,114 INFO org.apache.hadoop.hbase.zookeeper.RecoverableZooKeeper: The identifier of this process is 11769@agro
2016-05-11 09:31:01,114 INFO org.apache.zookeeper.ZooKeeper: Initiating client connection, connectString=localhost:2181 sessionTimeout=180000 watcher=hconnection0x0
2016-05-11 09:31:01,115 INFO org.apache.zookeeper.ClientCnxn: Opening socket connection to server localhost/127.0.0.1:2181. Will not attempt to authenticate using SASL (unknown error)
2016-05-11 09:31:01,115 INFO org.apache.zookeeper.server.NIOServerCnxnFactory: Accepted socket connection from /127.0.0.1:33712
2016-05-11 09:31:01,116 INFO org.apache.zookeeper.ClientCnxn: Socket connection established to localhost/127.0.0.1:2181, initiating session
2016-05-11 09:31:01,116 INFO org.apache.zookeeper.server.ZooKeeperServer: Client attempting to establish new session at /127.0.0.1:33712
2016-05-11 09:31:01,173 INFO org.apache.zookeeper.server.ZooKeeperServer: Established session 0x1549aaa36a90101 with negotiated timeout 40000 for client /127.0.0.1:33712
2016-05-11 09:31:01,173 INFO org.apache.zookeeper.ClientCnxn: Session establishment complete on server localhost/127.0.0.1:2181, sessionid = 0x1549aaa36a90101, negotiated timeout = 40000
2016-05-11 09:31:01,176 INFO org.apache.hadoop.hbase.catalog.CatalogTracker: Failed verification of -ROOT-,,0 at address=agro,34412,1462883727834; java.net.ConnectException: Connection refused
2016-05-11 09:31:01,177 INFO org.apache.hadoop.hbase.master.HMaster: Forcing splitLog and expire of agro,34412,1462883727834
2016-05-11 09:31:01,177 DEBUG org.apache.hadoop.hbase.master.MasterFileSystem: Renamed region directory: file:/home/shriyansh/Awesome_Stuff/Research/nutch/data/.logs/agro,34412,1462883727834-splitting
2016-05-11 09:31:01,177 INFO org.apache.hadoop.hbase.master.SplitLogManager: dead splitlog workers [agro,34412,1462883727834]
2016-05-11 09:31:01,178 DEBUG org.apache.hadoop.hbase.master.SplitLogManager: Scheduling batch of logs to split
2016-05-11 09:31:01,179 INFO org.apache.hadoop.hbase.master.SplitLogManager: started splitting logs in [file:/home/shriyansh/Awesome_Stuff/Research/nutch/data/.logs/agro,34412,1462883727834-splitting]
2016-05-11 09:31:01,262 DEBUG org.apache.hadoop.hbase.master.SplitLogManager: put up splitlog task at znode /hbase/splitlog/file%3A%2Fhome%2Fshriyansh%2FAwesome_Stuff%2FResearch%2Fnutch%2Fdata%2F.logs%2Fagro%2C34412%2C1462883727834-splitting%2Fagro%252C34412%252C1462883727834.1462913285483
2016-05-11 09:31:01,263 DEBUG org.apache.hadoop.hbase.master.SplitLogManager: task not yet acquired /hbase/splitlog/file%3A%2Fhome%2Fshriyansh%2FAwesome_Stuff%2FResearch%2Fnutch%2Fdata%2F.logs%2Fagro%2C34412%2C1462883727834-splitting%2Fagro%252C34412%252C1462883727834.1462913285483 ver = 0
2016-05-11 09:31:04,510 INFO org.apache.hadoop.hbase.regionserver.Leases: RegionServer:0;agro,34412,1462883727834.leaseChecker closing leases
2016-05-11 09:31:04,510 INFO org.apache.hadoop.hbase.regionserver.Leases: RegionServer:0;agro,34412,1462883727834.leaseChecker closed leases
2016-05-11 09:31:04,515 INFO org.apache.hadoop.hbase.regionserver.HRegionServer$PeriodicMemstoreFlusher: RegionServer:0;agro,34412,1462883727834.periodicFlusher exiting
2016-05-11 09:31:04,516 WARN org.apache.hadoop.hbase.zookeeper.RecoverableZooKeeper: Possibly transient ZooKeeper exception: org.apache.zookeeper.KeeperException$SessionExpiredException: KeeperErrorCode = Session expired for /hbase/rs/agro,34412,1462883727834
2016-05-11 09:31:04,516 INFO org.apache.hadoop.hbase.util.RetryCounter: Sleeping 2000ms before retry #1...
2016-05-11 09:31:06,516 WARN org.apache.hadoop.hbase.zookeeper.RecoverableZooKeeper: Possibly transient ZooKeeper exception: org.apache.zookeeper.KeeperException$SessionExpiredException: KeeperErrorCode = Session expired for /hbase/rs/agro,34412,1462883727834
2016-05-11 09:31:06,516 INFO org.apache.hadoop.hbase.util.RetryCounter: Sleeping 4000ms before retry #2...
2016-05-11 09:31:10,516 WARN org.apache.hadoop.hbase.zookeeper.RecoverableZooKeeper: Possibly transient ZooKeeper exception: org.apache.zookeeper.KeeperException$SessionExpiredException: KeeperErrorCode = Session expired for /hbase/rs/agro,34412,1462883727834
2016-05-11 09:31:10,516 INFO org.apache.hadoop.hbase.util.RetryCounter: Sleeping 8000ms before retry #3...
2016-05-11 09:31:18,517 WARN org.apache.hadoop.hbase.zookeeper.RecoverableZooKeeper: Possibly transient ZooKeeper exception: org.apache.zookeeper.KeeperException$SessionExpiredException: KeeperErrorCode = Session expired for /hbase/rs/agro,34412,1462883727834
2016-05-11 09:31:18,517 ERROR org.apache.hadoop.hbase.zookeeper.RecoverableZooKeeper: ZooKeeper delete failed after 3 retries
2016-05-11 09:31:18,517 WARN org.apache.hadoop.hbase.regionserver.HRegionServer: Failed deleting my ephemeral node
org.apache.zookeeper.KeeperException$SessionExpiredException: KeeperErrorCode = Session expired for /hbase/rs/agro,34412,1462883727834
	at org.apache.zookeeper.KeeperException.create(KeeperException.java:127)
	at org.apache.zookeeper.KeeperException.create(KeeperException.java:51)
	at org.apache.zookeeper.ZooKeeper.delete(ZooKeeper.java:873)
	at org.apache.hadoop.hbase.zookeeper.RecoverableZooKeeper.delete(RecoverableZooKeeper.java:154)
	at org.apache.hadoop.hbase.zookeeper.ZKUtil.deleteNode(ZKUtil.java:1197)
	at org.apache.hadoop.hbase.zookeeper.ZKUtil.deleteNode(ZKUtil.java:1186)
	at org.apache.hadoop.hbase.regionserver.HRegionServer.deleteMyEphemeralNode(HRegionServer.java:1155)
	at org.apache.hadoop.hbase.regionserver.HRegionServer.run(HRegionServer.java:904)
	at java.lang.Thread.run(Thread.java:745)
2016-05-11 09:31:18,517 INFO org.apache.hadoop.hbase.regionserver.HRegionServer: stopping server agro,34412,1462883727834; zookeeper connection closed.
2016-05-11 09:31:18,517 INFO org.apache.hadoop.hbase.regionserver.HRegionServer: RegionServer:0;agro,34412,1462883727834 exiting
2016-05-11 09:31:22,545 WARN org.apache.hadoop.hbase.util.Sleeper: We slept 24233180ms instead of 60000ms, this is likely due to a long garbage collecting pause and it's usually bad, see http://hbase.apache.org/book.html#trouble.rs.runtime.zkexpired
2016-05-11 09:31:22,550 WARN org.apache.hadoop.hbase.util.Sleeper: We slept 24233180ms instead of 60000ms, this is likely due to a long garbage collecting pause and it's usually bad, see http://hbase.apache.org/book.html#trouble.rs.runtime.zkexpired
2016-05-11 09:33:29,518 WARN org.apache.hadoop.hbase.util.Sleeper: We slept 24473179ms instead of 300000ms, this is likely due to a long garbage collecting pause and it's usually bad, see http://hbase.apache.org/book.html#trouble.rs.runtime.zkexpired
2016-05-11 09:33:29,518 DEBUG org.apache.hadoop.hbase.master.HMaster: Master has not been initialized, don't run balancer.
2016-05-11 09:33:29,525 WARN org.apache.hadoop.hbase.util.Sleeper: We slept 24473177ms instead of 300000ms, this is likely due to a long garbage collecting pause and it's usually bad, see http://hbase.apache.org/book.html#trouble.rs.runtime.zkexpired
2016-05-11 09:33:29,526 DEBUG org.apache.hadoop.hbase.client.MetaScanner: Scanning .META. starting at row= for max=2147483647 rows using org.apache.hadoop.hbase.client.HConnectionManager$HConnectionImplementation@1be68d72
2016-05-11 09:33:29,527 DEBUG org.apache.hadoop.hbase.client.HConnectionManager$HConnectionImplementation: Removed all cached region locations that map to agro:34412
2016-05-11 09:33:30,536 DEBUG org.apache.hadoop.hbase.client.HConnectionManager$HConnectionImplementation: Looked up root region location, connection=org.apache.hadoop.hbase.client.HConnectionManager$HConnectionImplementation@1be68d72; serverName=agro,34412,1462883727834
2016-05-11 09:33:30,536 DEBUG org.apache.hadoop.hbase.client.HConnectionManager$HConnectionImplementation: locateRegionInMeta parentTable=-ROOT-, metaLocation={region=-ROOT-,,0.70236052, hostname=agro, port=34412}, attempt=0 of 140 failed; retrying after sleep of 1007 because: This server is in the failed servers list: agro/127.0.1.1:34412
2016-05-11 09:33:30,536 DEBUG org.apache.hadoop.hbase.client.HConnectionManager$HConnectionImplementation: Looked up root region location, connection=org.apache.hadoop.hbase.client.HConnectionManager$HConnectionImplementation@1be68d72; serverName=agro,34412,1462883727834
2016-05-11 09:33:31,542 DEBUG org.apache.hadoop.hbase.client.HConnectionManager$HConnectionImplementation: Looked up root region location, connection=org.apache.hadoop.hbase.client.HConnectionManager$HConnectionImplementation@1be68d72; serverName=agro,34412,1462883727834
2016-05-11 09:33:31,543 DEBUG org.apache.hadoop.hbase.client.HConnectionManager$HConnectionImplementation: locateRegionInMeta parentTable=-ROOT-, metaLocation={region=-ROOT-,,0.70236052, hostname=agro, port=34412}, attempt=1 of 140 failed; retrying after sleep of 1000 because: Connection refused
2016-05-11 09:33:31,543 DEBUG org.apache.hadoop.hbase.client.HConnectionManager$HConnectionImplementation: Looked up root region location, connection=org.apache.hadoop.hbase.client.HConnectionManager$HConnectionImplementation@1be68d72; serverName=agro,34412,1462883727834
2016-05-11 09:33:32,545 DEBUG org.apache.hadoop.hbase.client.HConnectionManager$HConnectionImplementation: Looked up root region location, connection=org.apache.hadoop.hbase.client.HConnectionManager$HConnectionImplementation@1be68d72; serverName=agro,34412,1462883727834
2016-05-11 09:33:32,545 DEBUG org.apache.hadoop.hbase.client.HConnectionManager$HConnectionImplementation: locateRegionInMeta parentTable=-ROOT-, metaLocation={region=-ROOT-,,0.70236052, hostname=agro, port=34412}, attempt=2 of 140 failed; retrying after sleep of 1003 because: This server is in the failed servers list: agro/127.0.1.1:34412
2016-05-11 09:33:32,545 DEBUG org.apache.hadoop.hbase.client.HConnectionManager$HConnectionImplementation: Looked up root region location, connection=org.apache.hadoop.hbase.client.HConnectionManager$HConnectionImplementation@1be68d72; serverName=agro,34412,1462883727834
2016-05-11 09:33:33,547 DEBUG org.apache.hadoop.hbase.client.HConnectionManager$HConnectionImplementation: Looked up root region location, connection=org.apache.hadoop.hbase.client.HConnectionManager$HConnectionImplementation@1be68d72; serverName=agro,34412,1462883727834
2016-05-11 09:33:33,548 DEBUG org.apache.hadoop.hbase.client.HConnectionManager$HConnectionImplementation: locateRegionInMeta parentTable=-ROOT-, metaLocation={region=-ROOT-,,0.70236052, hostname=agro, port=34412}, attempt=3 of 140 failed; retrying after sleep of 2012 because: Connection refused
2016-05-11 09:33:33,548 DEBUG org.apache.hadoop.hbase.client.HConnectionManager$HConnectionImplementation: Looked up root region location, connection=org.apache.hadoop.hbase.client.HConnectionManager$HConnectionImplementation@1be68d72; serverName=agro,34412,1462883727834
2016-05-11 09:33:35,568 DEBUG org.apache.hadoop.hbase.client.HConnectionManager$HConnectionImplementation: Looked up root region location, connection=org.apache.hadoop.hbase.client.HConnectionManager$HConnectionImplementation@1be68d72; serverName=agro,34412,1462883727834
2016-05-11 09:33:35,569 DEBUG org.apache.hadoop.hbase.client.HConnectionManager$HConnectionImplementation: locateRegionInMeta parentTable=-ROOT-, metaLocation={region=-ROOT-,,0.70236052, hostname=agro, port=34412}, attempt=4 of 140 failed; retrying after sleep of 2006 because: Connection refused
2016-05-11 09:33:35,569 DEBUG org.apache.hadoop.hbase.client.HConnectionManager$HConnectionImplementation: Looked up root region location, connection=org.apache.hadoop.hbase.client.HConnectionManager$HConnectionImplementation@1be68d72; serverName=agro,34412,1462883727834
2016-05-11 09:33:37,589 DEBUG org.apache.hadoop.hbase.client.HConnectionManager$HConnectionImplementation: Looked up root region location, connection=org.apache.hadoop.hbase.client.HConnectionManager$HConnectionImplementation@1be68d72; serverName=agro,34412,1462883727834
2016-05-11 09:33:37,590 DEBUG org.apache.hadoop.hbase.client.HConnectionManager$HConnectionImplementation: locateRegionInMeta parentTable=-ROOT-, metaLocation={region=-ROOT-,,0.70236052, hostname=agro, port=34412}, attempt=5 of 140 failed; retrying after sleep of 4018 because: Connection refused
2016-05-11 09:33:37,590 DEBUG org.apache.hadoop.hbase.client.HConnectionManager$HConnectionImplementation: Looked up root region location, connection=org.apache.hadoop.hbase.client.HConnectionManager$HConnectionImplementation@1be68d72; serverName=agro,34412,1462883727834
2016-05-11 09:33:41,592 DEBUG org.apache.hadoop.hbase.client.HConnectionManager$HConnectionImplementation: Looked up root region location, connection=org.apache.hadoop.hbase.client.HConnectionManager$HConnectionImplementation@1be68d72; serverName=agro,34412,1462883727834
2016-05-11 09:33:41,593 DEBUG org.apache.hadoop.hbase.client.HConnectionManager$HConnectionImplementation: locateRegionInMeta parentTable=-ROOT-, metaLocation={region=-ROOT-,,0.70236052, hostname=agro, port=34412}, attempt=6 of 140 failed; retrying after sleep of 4025 because: Connection refused
2016-05-11 09:33:41,593 DEBUG org.apache.hadoop.hbase.client.HConnectionManager$HConnectionImplementation: Looked up root region location, connection=org.apache.hadoop.hbase.client.HConnectionManager$HConnectionImplementation@1be68d72; serverName=agro,34412,1462883727834
2016-05-11 09:33:45,625 DEBUG org.apache.hadoop.hbase.client.HConnectionManager$HConnectionImplementation: Looked up root region location, connection=org.apache.hadoop.hbase.client.HConnectionManager$HConnectionImplementation@1be68d72; serverName=agro,34412,1462883727834
2016-05-11 09:33:45,626 DEBUG org.apache.hadoop.hbase.client.HConnectionManager$HConnectionImplementation: locateRegionInMeta parentTable=-ROOT-, metaLocation={region=-ROOT-,,0.70236052, hostname=agro, port=34412}, attempt=7 of 140 failed; retrying after sleep of 8041 because: Connection refused
2016-05-11 09:33:45,626 DEBUG org.apache.hadoop.hbase.client.HConnectionManager$HConnectionImplementation: Looked up root region location, connection=org.apache.hadoop.hbase.client.HConnectionManager$HConnectionImplementation@1be68d72; serverName=agro,34412,1462883727834
2016-05-11 09:33:53,644 DEBUG org.apache.hadoop.hbase.client.HConnectionManager$HConnectionImplementation: Looked up root region location, connection=org.apache.hadoop.hbase.client.HConnectionManager$HConnectionImplementation@1be68d72; serverName=agro,34412,1462883727834
2016-05-11 09:33:53,645 DEBUG org.apache.hadoop.hbase.client.HConnectionManager$HConnectionImplementation: locateRegionInMeta parentTable=-ROOT-, metaLocation={region=-ROOT-,,0.70236052, hostname=agro, port=34412}, attempt=8 of 140 failed; retrying after sleep of 16098 because: Connection refused
2016-05-11 09:33:53,645 DEBUG org.apache.hadoop.hbase.client.HConnectionManager$HConnectionImplementation: Looked up root region location, connection=org.apache.hadoop.hbase.client.HConnectionManager$HConnectionImplementation@1be68d72; serverName=agro,34412,1462883727834
2016-05-11 09:34:09,791 DEBUG org.apache.hadoop.hbase.client.HConnectionManager$HConnectionImplementation: Looked up root region location, connection=org.apache.hadoop.hbase.client.HConnectionManager$HConnectionImplementation@1be68d72; serverName=agro,34412,1462883727834
2016-05-11 09:34:09,792 DEBUG org.apache.hadoop.hbase.client.HConnectionManager$HConnectionImplementation: locateRegionInMeta parentTable=-ROOT-, metaLocation={region=-ROOT-,,0.70236052, hostname=agro, port=34412}, attempt=9 of 140 failed; retrying after sleep of 32195 because: Connection refused
2016-05-11 09:34:09,792 DEBUG org.apache.hadoop.hbase.client.HConnectionManager$HConnectionImplementation: Looked up root region location, connection=org.apache.hadoop.hbase.client.HConnectionManager$HConnectionImplementation@1be68d72; serverName=agro,34412,1462883727834
2016-05-11 09:34:42,092 DEBUG org.apache.hadoop.hbase.client.HConnectionManager$HConnectionImplementation: Looked up root region location, connection=org.apache.hadoop.hbase.client.HConnectionManager$HConnectionImplementation@1be68d72; serverName=agro,34412,1462883727834
2016-05-11 09:34:42,093 DEBUG org.apache.hadoop.hbase.client.HConnectionManager$HConnectionImplementation: locateRegionInMeta parentTable=-ROOT-, metaLocation={region=-ROOT-,,0.70236052, hostname=agro, port=34412}, attempt=10 of 140 failed; retrying after sleep of 64574 because: Connection refused
2016-05-11 09:34:42,093 DEBUG org.apache.hadoop.hbase.client.HConnectionManager$HConnectionImplementation: Looked up root region location, connection=org.apache.hadoop.hbase.client.HConnectionManager$HConnectionImplementation@1be68d72; serverName=agro,34412,1462883727834
2016-05-11 09:35:46,458 DEBUG org.apache.hadoop.hbase.client.HConnectionManager$HConnectionImplementation: Looked up root region location, connection=org.apache.hadoop.hbase.client.HConnectionManager$HConnectionImplementation@1be68d72; serverName=agro,34412,1462883727834
2016-05-11 09:35:46,459 DEBUG org.apache.hadoop.hbase.client.HConnectionManager$HConnectionImplementation: locateRegionInMeta parentTable=-ROOT-, metaLocation={region=-ROOT-,,0.70236052, hostname=agro, port=34412}, attempt=11 of 140 failed; retrying after sleep of 64175 because: Connection refused
2016-05-11 09:35:46,459 DEBUG org.apache.hadoop.hbase.client.HConnectionManager$HConnectionImplementation: Looked up root region location, connection=org.apache.hadoop.hbase.client.HConnectionManager$HConnectionImplementation@1be68d72; serverName=agro,34412,1462883727834
2016-05-11 09:35:55,939 FATAL org.apache.hadoop.hbase.master.HMaster: master:33069-0x1549aaa36a90000 master:33069-0x1549aaa36a90000 received expired from ZooKeeper, aborting
org.apache.zookeeper.KeeperException$SessionExpiredException: KeeperErrorCode = Session expired
	at org.apache.hadoop.hbase.zookeeper.ZooKeeperWatcher.connectionEvent(ZooKeeperWatcher.java:386)
	at org.apache.hadoop.hbase.zookeeper.ZooKeeperWatcher.process(ZooKeeperWatcher.java:305)
	at org.apache.zookeeper.ClientCnxn$EventThread.processEvent(ClientCnxn.java:519)
	at org.apache.zookeeper.ClientCnxn$EventThread.run(ClientCnxn.java:495)
2016-05-11 09:35:55,939 WARN org.apache.hadoop.hbase.master.SplitLogManager: Interrupted while waiting for log splits to be completed
2016-05-11 09:35:55,939 INFO org.apache.hadoop.hbase.master.HMaster: Aborting
2016-05-11 09:35:55,940 WARN org.apache.hadoop.hbase.master.SplitLogManager: error while splitting logs in [file:/home/shriyansh/Awesome_Stuff/Research/nutch/data/.logs/agro,34412,1462883727834-splitting] installed = 1 but only 0 done
2016-05-11 09:35:55,940 INFO org.apache.zookeeper.ClientCnxn: EventThread shut down
2016-05-11 09:35:55,940 DEBUG org.apache.hadoop.hbase.master.HMaster: Stopping service threads
2016-05-11 09:35:55,940 INFO org.apache.hadoop.hbase.master.HMaster$2: agro,33069,1462883727454-BalancerChore exiting
2016-05-11 09:35:55,940 INFO org.apache.hadoop.ipc.HBaseServer: Stopping server on 33069
2016-05-11 09:35:55,940 WARN org.apache.hadoop.hbase.master.CatalogJanitor: Failed scan of catalog table
java.io.IOException: Giving up after tries=1
	at org.apache.hadoop.hbase.client.ServerCallable.withRetries(ServerCallable.java:210)
	at org.apache.hadoop.hbase.client.MetaScanner.metaScan(MetaScanner.java:188)
	at org.apache.hadoop.hbase.client.MetaScanner.metaScan(MetaScanner.java:82)
	at org.apache.hadoop.hbase.client.MetaScanner.metaScan(MetaScanner.java:67)
	at org.apache.hadoop.hbase.master.CatalogJanitor.getSplitParents(CatalogJanitor.java:126)
	at org.apache.hadoop.hbase.master.CatalogJanitor.scan(CatalogJanitor.java:137)
	at org.apache.hadoop.hbase.master.CatalogJanitor.chore(CatalogJanitor.java:93)
	at org.apache.hadoop.hbase.Chore.run(Chore.java:67)
	at java.lang.Thread.run(Thread.java:745)
Caused by: java.lang.InterruptedException: sleep interrupted
	at java.lang.Thread.sleep(Native Method)
	at org.apache.hadoop.hbase.client.ServerCallable.withRetries(ServerCallable.java:207)
	... 8 more
2016-05-11 09:35:55,940 INFO org.apache.hadoop.ipc.HBaseServer: IPC Server handler 2 on 33069: exiting
2016-05-11 09:35:55,940 INFO org.apache.hadoop.ipc.HBaseServer: IPC Server handler 4 on 33069: exiting
2016-05-11 09:35:55,940 INFO org.apache.hadoop.ipc.HBaseServer: IPC Server handler 5 on 33069: exiting
2016-05-11 09:35:55,941 INFO org.apache.hadoop.ipc.HBaseServer: IPC Server handler 6 on 33069: exiting
2016-05-11 09:35:55,941 INFO org.apache.hadoop.ipc.HBaseServer: IPC Server handler 7 on 33069: exiting
2016-05-11 09:35:55,941 INFO org.apache.hadoop.ipc.HBaseServer: IPC Server handler 8 on 33069: exiting
2016-05-11 09:35:55,941 INFO org.apache.hadoop.ipc.HBaseServer: IPC Server handler 9 on 33069: exiting
2016-05-11 09:35:55,941 INFO org.apache.hadoop.ipc.HBaseServer: REPL IPC Server handler 0 on 33069: exiting
2016-05-11 09:35:55,941 INFO org.apache.hadoop.ipc.HBaseServer: REPL IPC Server handler 1 on 33069: exiting
2016-05-11 09:35:55,941 INFO org.apache.hadoop.ipc.HBaseServer: REPL IPC Server handler 2 on 33069: exiting
2016-05-11 09:35:55,941 INFO org.apache.hadoop.ipc.HBaseServer: Stopping IPC Server listener on 33069
2016-05-11 09:35:55,940 INFO org.apache.hadoop.ipc.HBaseServer: IPC Server handler 0 on 33069: exiting
2016-05-11 09:35:55,940 INFO org.apache.hadoop.ipc.HBaseServer: IPC Server handler 1 on 33069: exiting
2016-05-11 09:35:55,940 INFO org.apache.hadoop.ipc.HBaseServer: IPC Server handler 3 on 33069: exiting
2016-05-11 09:35:55,940 INFO org.apache.hadoop.hbase.master.CatalogJanitor: agro,33069,1462883727454-CatalogJanitor exiting
2016-05-11 09:35:55,942 INFO org.apache.hadoop.hbase.master.HMaster: Stopping infoServer
2016-05-11 09:35:55,942 INFO org.apache.hadoop.hbase.master.cleaner.LogCleaner: Master:0;agro,33069,1462883727454.oldLogCleaner exiting
2016-05-11 09:35:55,942 INFO org.apache.hadoop.hbase.master.cleaner.HFileCleaner: Master:0;agro,33069,1462883727454.archivedHFileCleaner exiting
2016-05-11 09:35:55,943 INFO org.apache.hadoop.ipc.HBaseServer: Stopping IPC Server Responder
2016-05-11 09:35:55,943 INFO org.apache.hadoop.ipc.HBaseServer: Stopping IPC Server Responder
2016-05-11 09:35:55,943 INFO org.mortbay.log: Stopped SelectChannelConnector@0.0.0.0:60010
2016-05-11 09:35:56,098 DEBUG org.apache.hadoop.hbase.catalog.CatalogTracker: Stopping catalog tracker org.apache.hadoop.hbase.catalog.CatalogTracker@3e61e773
2016-05-11 09:35:56,098 INFO org.apache.hadoop.hbase.master.AssignmentManager$TimerUpdater: agro,33069,1462883727454.timerUpdater exiting
2016-05-11 09:35:56,099 INFO org.apache.zookeeper.server.PrepRequestProcessor: Processed session termination for sessionid: 0x1549aaa36a90100
2016-05-11 09:35:56,109 INFO org.apache.zookeeper.ClientCnxn: EventThread shut down
2016-05-11 09:35:56,109 INFO org.apache.zookeeper.ZooKeeper: Session: 0x1549aaa36a90100 closed
2016-05-11 09:35:56,109 INFO org.apache.hadoop.hbase.master.HMaster: HMaster main thread exiting
2016-05-11 09:35:56,109 INFO org.apache.zookeeper.server.NIOServerCnxn: Closed socket connection for client /127.0.0.1:33704 which had sessionid 0x1549aaa36a90100
2016-05-11 09:35:56,109 INFO org.apache.zookeeper.server.NIOServerCnxn: Closed socket connection for client /127.0.0.1:33712 which had sessionid 0x1549aaa36a90101
2016-05-11 09:35:56,109 INFO org.apache.zookeeper.server.NIOServerCnxnFactory: NIOServerCnxn factory exited run method
2016-05-11 09:35:56,109 INFO org.apache.zookeeper.server.ZooKeeperServer: shutting down
2016-05-11 09:35:56,109 INFO org.apache.zookeeper.server.SessionTrackerImpl: Shutting down
2016-05-11 09:35:56,109 INFO org.apache.zookeeper.server.PrepRequestProcessor: Shutting down
2016-05-11 09:35:56,109 INFO org.apache.zookeeper.ClientCnxn: Unable to read additional data from server sessionid 0x1549aaa36a90101, likely server has closed socket, closing socket connection and attempting reconnect
2016-05-11 09:35:56,110 INFO org.apache.zookeeper.server.PrepRequestProcessor: PrepRequestProcessor exited loop!
2016-05-11 09:35:56,110 INFO org.apache.zookeeper.server.SyncRequestProcessor: Shutting down
2016-05-11 09:35:56,110 INFO org.apache.zookeeper.server.SyncRequestProcessor: SyncRequestProcessor exited!
2016-05-11 09:35:56,110 INFO org.apache.zookeeper.server.FinalRequestProcessor: shutdown of request processor complete
2016-05-11 09:35:56,119 INFO org.apache.hadoop.hbase.zookeeper.MiniZooKeeperCluster: Shutdown MiniZK cluster with all ZK servers
2016-05-11 09:35:56,119 ERROR org.apache.hadoop.hbase.master.HMasterCommandLine: Failed to start master
java.lang.RuntimeException: HMaster Aborted
	at org.apache.hadoop.hbase.master.HMasterCommandLine.waitOnMasterThreads(HMasterCommandLine.java:201)
	at org.apache.hadoop.hbase.master.HMasterCommandLine.startMaster(HMasterCommandLine.java:150)
	at org.apache.hadoop.hbase.master.HMasterCommandLine.run(HMasterCommandLine.java:104)
	at org.apache.hadoop.util.ToolRunner.run(ToolRunner.java:65)
	at org.apache.hadoop.hbase.util.ServerCommandLine.doMain(ServerCommandLine.java:76)
	at org.apache.hadoop.hbase.master.HMaster.main(HMaster.java:2129)
2016-05-11 09:35:56,119 INFO org.apache.hadoop.hbase.regionserver.ShutdownHook: Shutdown hook starting; hbase.shutdown.hook=true; fsShutdownHook=Thread[Thread-30,5,main]
2016-05-11 09:35:56,119 INFO org.apache.hadoop.hbase.regionserver.ShutdownHook: Starting fs shutdown hook thread.
2016-05-11 09:35:56,120 INFO org.apache.hadoop.hbase.regionserver.ShutdownHook: Shutdown hook finished.
