Mon May  2 17:09:05 IST 2016 Starting heritrix
Linux agro 4.2.0-19-generic #23-Ubuntu SMP Wed Nov 11 11:39:30 UTC 2015 x86_64 x86_64 x86_64 GNU/Linux
java version "1.7.0_95"
OpenJDK Runtime Environment (IcedTea 2.6.4) (7u95-2.6.4-0ubuntu0.15.10.2)
OpenJDK 64-Bit Server VM (build 24.95-b01, mixed mode)
JAVA_OPTS= -Xmx256m
core file size          (blocks, -c) 0
data seg size           (kbytes, -d) unlimited
scheduling priority             (-e) 0
file size               (blocks, -f) unlimited
pending signals                 (-i) 63357
max locked memory       (kbytes, -l) 64
max memory size         (kbytes, -m) unlimited
open files                      (-n) 1024
pipe size            (512 bytes, -p) 8
POSIX message queues     (bytes, -q) 819200
real-time priority              (-r) 0
stack size              (kbytes, -s) 8192
cpu time               (seconds, -t) unlimited
max user processes              (-u) 63357
virtual memory          (kbytes, -v) unlimited
file locks                      (-x) unlimited
Oracle Corporation OpenJDK Runtime Environment 1.7.0_95-b00
usage: Heritrix
 -a,--web-admin <arg>            REQUIRED. Specifies the authorization
                                 username and password which must be supplied to access the web interface.
                                 This may be of the form "password" (which leaves username as the default
                                 'admin'), "username:password", or "@filename" for a file that includes the
                                 single line "username:password".
 -b,--web-bind-hosts <arg>       A comma-separated list of
                                 addresses/hostnames for the web interface to bind to.
 -h,--help <arg>                 Usage information.
 -j,--jobs-dir <arg>             The jobs directory.  Defaults to ./jobs
 -l,--logging-properties <arg>   The full path to the logging properties
                                 file (eg, conf/logging.properties).  If present, this file will be used to
                                 configure Java logging.  Defaults to
                                 ${heritrix.home}/conf/logging.properties or if no heritrix.home property
                                 set, ./conf/logging.properties
 -p,--web-port <arg>             The port the web interface should listen
                                 on.
 -s,--ssl-params <arg>           Specify a keystore path, keystore
                                 password, and key password for HTTPS use. Separate with commas, no
                                 whitespace.
Your arguments were: -a
Mon May  2 17:17:31 IST 2016 Starting heritrix
Linux agro 4.2.0-19-generic #23-Ubuntu SMP Wed Nov 11 11:39:30 UTC 2015 x86_64 x86_64 x86_64 GNU/Linux
java version "1.7.0_95"
OpenJDK Runtime Environment (IcedTea 2.6.4) (7u95-2.6.4-0ubuntu0.15.10.2)
OpenJDK 64-Bit Server VM (build 24.95-b01, mixed mode)
JAVA_OPTS= -Xmx256m
core file size          (blocks, -c) 0
data seg size           (kbytes, -d) unlimited
scheduling priority             (-e) 0
file size               (blocks, -f) unlimited
pending signals                 (-i) 63357
max locked memory       (kbytes, -l) 64
max memory size         (kbytes, -m) unlimited
open files                      (-n) 1024
pipe size            (512 bytes, -p) 8
POSIX message queues     (bytes, -q) 819200
real-time priority              (-r) 0
stack size              (kbytes, -s) 8192
cpu time               (seconds, -t) unlimited
max user processes              (-u) 63357
virtual memory          (kbytes, -v) unlimited
file locks                      (-x) unlimited
Oracle Corporation OpenJDK Runtime Environment 1.7.0_95-b00
Using ad-hoc HTTPS certificate with fingerprint...
SHA1:A8:84:D4:B5:FF:9C:FC:02:E4:EC:2C:1C:1B:53:DF:27:10:26:99:A1
Verify in browser before accepting exception.
2016-05-02 11:47:31.555 WARNING thread-1 org.archive.crawler.framework.Engine.findJobConfigs() invalid job directory: ./jobs/.gitignore where job expected from: ./jobs/.gitignore
2016-05-02 11:47:31.814::INFO:  Logging to STDERR via org.mortbay.log.StdErrLog
2016-05-02 11:47:31.815::INFO:  jetty-6.1.14
2016-05-02 11:47:31.930::INFO:  Started SslSocketConnector@0.0.0.0:8443
engine listening at port 8443
operator login set per command-line
NOTE: We recommend a longer, stronger password, especially if your web 
interface will be internet-accessible.
Heritrix version: 3.1.1
2016-05-02 11:47:51.505::WARN:  EXCEPTION 
javax.net.ssl.SSLException: Unrecognized SSL message, plaintext connection?
	at sun.security.ssl.InputRecord.handleUnknownRecord(InputRecord.java:671)
	at sun.security.ssl.InputRecord.read(InputRecord.java:504)
	at sun.security.ssl.SSLSocketImpl.readRecord(SSLSocketImpl.java:946)
	at sun.security.ssl.SSLSocketImpl.performInitialHandshake(SSLSocketImpl.java:1344)
	at sun.security.ssl.SSLSocketImpl.startHandshake(SSLSocketImpl.java:1371)
	at sun.security.ssl.SSLSocketImpl.startHandshake(SSLSocketImpl.java:1355)
	at org.mortbay.jetty.security.SslSocketConnector$SslConnection.run(SslSocketConnector.java:631)
	at org.mortbay.thread.QueuedThreadPool$PoolThread.run(QueuedThreadPool.java:522)
2016-05-02 11:47:51.785::WARN:  EXCEPTION 
javax.net.ssl.SSLException: Unrecognized SSL message, plaintext connection?
	at sun.security.ssl.InputRecord.handleUnknownRecord(InputRecord.java:671)
	at sun.security.ssl.InputRecord.read(InputRecord.java:504)
	at sun.security.ssl.SSLSocketImpl.readRecord(SSLSocketImpl.java:946)
	at sun.security.ssl.SSLSocketImpl.performInitialHandshake(SSLSocketImpl.java:1344)
	at sun.security.ssl.SSLSocketImpl.startHandshake(SSLSocketImpl.java:1371)
	at sun.security.ssl.SSLSocketImpl.startHandshake(SSLSocketImpl.java:1355)
	at org.mortbay.jetty.security.SslSocketConnector$SslConnection.run(SslSocketConnector.java:631)
	at org.mortbay.thread.QueuedThreadPool$PoolThread.run(QueuedThreadPool.java:522)
2016-05-02 11:47:51.820::WARN:  EXCEPTION 
javax.net.ssl.SSLException: Unrecognized SSL message, plaintext connection?
	at sun.security.ssl.InputRecord.handleUnknownRecord(InputRecord.java:671)
	at sun.security.ssl.InputRecord.read(InputRecord.java:504)
	at sun.security.ssl.SSLSocketImpl.readRecord(SSLSocketImpl.java:946)
	at sun.security.ssl.SSLSocketImpl.performInitialHandshake(SSLSocketImpl.java:1344)
	at sun.security.ssl.SSLSocketImpl.startHandshake(SSLSocketImpl.java:1371)
	at sun.security.ssl.SSLSocketImpl.startHandshake(SSLSocketImpl.java:1355)
	at org.mortbay.jetty.security.SslSocketConnector$SslConnection.run(SslSocketConnector.java:631)
	at org.mortbay.thread.QueuedThreadPool$PoolThread.run(QueuedThreadPool.java:522)
2016-05-02 11:51:41.681::WARN:  EXCEPTION 
javax.net.ssl.SSLException: Unrecognized SSL message, plaintext connection?
	at sun.security.ssl.InputRecord.handleUnknownRecord(InputRecord.java:671)
	at sun.security.ssl.InputRecord.read(InputRecord.java:504)
	at sun.security.ssl.SSLSocketImpl.readRecord(SSLSocketImpl.java:946)
	at sun.security.ssl.SSLSocketImpl.performInitialHandshake(SSLSocketImpl.java:1344)
	at sun.security.ssl.SSLSocketImpl.startHandshake(SSLSocketImpl.java:1371)
	at sun.security.ssl.SSLSocketImpl.startHandshake(SSLSocketImpl.java:1355)
	at org.mortbay.jetty.security.SslSocketConnector$SslConnection.run(SslSocketConnector.java:631)
	at org.mortbay.thread.QueuedThreadPool$PoolThread.run(QueuedThreadPool.java:522)
2016-05-02 11:51:41.965::WARN:  EXCEPTION 
javax.net.ssl.SSLException: Unrecognized SSL message, plaintext connection?
	at sun.security.ssl.InputRecord.handleUnknownRecord(InputRecord.java:671)
	at sun.security.ssl.InputRecord.read(InputRecord.java:504)
	at sun.security.ssl.SSLSocketImpl.readRecord(SSLSocketImpl.java:946)
	at sun.security.ssl.SSLSocketImpl.performInitialHandshake(SSLSocketImpl.java:1344)
	at sun.security.ssl.SSLSocketImpl.startHandshake(SSLSocketImpl.java:1371)
	at sun.security.ssl.SSLSocketImpl.startHandshake(SSLSocketImpl.java:1355)
	at org.mortbay.jetty.security.SslSocketConnector$SslConnection.run(SslSocketConnector.java:631)
	at org.mortbay.thread.QueuedThreadPool$PoolThread.run(QueuedThreadPool.java:522)
2016-05-02 11:51:42.130::WARN:  EXCEPTION 
javax.net.ssl.SSLException: Unrecognized SSL message, plaintext connection?
	at sun.security.ssl.InputRecord.handleUnknownRecord(InputRecord.java:671)
	at sun.security.ssl.InputRecord.read(InputRecord.java:504)
	at sun.security.ssl.SSLSocketImpl.readRecord(SSLSocketImpl.java:946)
	at sun.security.ssl.SSLSocketImpl.performInitialHandshake(SSLSocketImpl.java:1344)
	at sun.security.ssl.SSLSocketImpl.startHandshake(SSLSocketImpl.java:1371)
	at sun.security.ssl.SSLSocketImpl.startHandshake(SSLSocketImpl.java:1355)
	at org.mortbay.jetty.security.SslSocketConnector$SslConnection.run(SslSocketConnector.java:631)
	at org.mortbay.thread.QueuedThreadPool$PoolThread.run(QueuedThreadPool.java:522)
2016-05-02 11:51:42.353::WARN:  EXCEPTION 
javax.net.ssl.SSLException: Unrecognized SSL message, plaintext connection?
	at sun.security.ssl.InputRecord.handleUnknownRecord(InputRecord.java:671)
	at sun.security.ssl.InputRecord.read(InputRecord.java:504)
	at sun.security.ssl.SSLSocketImpl.readRecord(SSLSocketImpl.java:946)
	at sun.security.ssl.SSLSocketImpl.performInitialHandshake(SSLSocketImpl.java:1344)
	at sun.security.ssl.SSLSocketImpl.startHandshake(SSLSocketImpl.java:1371)
	at sun.security.ssl.SSLSocketImpl.startHandshake(SSLSocketImpl.java:1355)
	at org.mortbay.jetty.security.SslSocketConnector$SslConnection.run(SslSocketConnector.java:631)
	at org.mortbay.thread.QueuedThreadPool$PoolThread.run(QueuedThreadPool.java:522)
Mon May  2 17:23:30 IST 2016 Starting heritrix
Linux agro 4.2.0-19-generic #23-Ubuntu SMP Wed Nov 11 11:39:30 UTC 2015 x86_64 x86_64 x86_64 GNU/Linux
java version "1.7.0_95"
OpenJDK Runtime Environment (IcedTea 2.6.4) (7u95-2.6.4-0ubuntu0.15.10.2)
OpenJDK 64-Bit Server VM (build 24.95-b01, mixed mode)
JAVA_OPTS= -Xmx256m
core file size          (blocks, -c) 0
data seg size           (kbytes, -d) unlimited
scheduling priority             (-e) 0
file size               (blocks, -f) unlimited
pending signals                 (-i) 63357
max locked memory       (kbytes, -l) 64
max memory size         (kbytes, -m) unlimited
open files                      (-n) 1024
pipe size            (512 bytes, -p) 8
POSIX message queues     (bytes, -q) 819200
real-time priority              (-r) 0
stack size              (kbytes, -s) 8192
cpu time               (seconds, -t) unlimited
max user processes              (-u) 63357
virtual memory          (kbytes, -v) unlimited
file locks                      (-x) unlimited
Oracle Corporation OpenJDK Runtime Environment 1.7.0_95-b00
usage: Heritrix
 -a,--web-admin <arg>            REQUIRED. Specifies the authorization
                                 username and password which must be supplied to access the web interface.
                                 This may be of the form "password" (which leaves username as the default
                                 'admin'), "username:password", or "@filename" for a file that includes the
                                 single line "username:password".
 -b,--web-bind-hosts <arg>       A comma-separated list of
                                 addresses/hostnames for the web interface to bind to.
 -h,--help <arg>                 Usage information.
 -j,--jobs-dir <arg>             The jobs directory.  Defaults to ./jobs
 -l,--logging-properties <arg>   The full path to the logging properties
                                 file (eg, conf/logging.properties).  If present, this file will be used to
                                 configure Java logging.  Defaults to
                                 ${heritrix.home}/conf/logging.properties or if no heritrix.home property
                                 set, ./conf/logging.properties
 -p,--web-port <arg>             The port the web interface should listen
                                 on.
 -s,--ssl-params <arg>           Specify a keystore path, keystore
                                 password, and key password for HTTPS use. Separate with commas, no
                                 whitespace.
Your arguments were: -s -a admin:admin -p 8443 -b /
Mon May  2 17:23:49 IST 2016 Starting heritrix
Linux agro 4.2.0-19-generic #23-Ubuntu SMP Wed Nov 11 11:39:30 UTC 2015 x86_64 x86_64 x86_64 GNU/Linux
java version "1.7.0_95"
OpenJDK Runtime Environment (IcedTea 2.6.4) (7u95-2.6.4-0ubuntu0.15.10.2)
OpenJDK 64-Bit Server VM (build 24.95-b01, mixed mode)
JAVA_OPTS= -Xmx256m
core file size          (blocks, -c) 0
data seg size           (kbytes, -d) unlimited
scheduling priority             (-e) 0
file size               (blocks, -f) unlimited
pending signals                 (-i) 63357
max locked memory       (kbytes, -l) 64
max memory size         (kbytes, -m) unlimited
open files                      (-n) 1024
pipe size            (512 bytes, -p) 8
POSIX message queues     (bytes, -q) 819200
real-time priority              (-r) 0
stack size              (kbytes, -s) 8192
cpu time               (seconds, -t) unlimited
max user processes              (-u) 63357
virtual memory          (kbytes, -v) unlimited
file locks                      (-x) unlimited
Oracle Corporation OpenJDK Runtime Environment 1.7.0_95-b00
usage: Heritrix
 -a,--web-admin <arg>            REQUIRED. Specifies the authorization
                                 username and password which must be supplied to access the web interface.
                                 This may be of the form "password" (which leaves username as the default
                                 'admin'), "username:password", or "@filename" for a file that includes the
                                 single line "username:password".
 -b,--web-bind-hosts <arg>       A comma-separated list of
                                 addresses/hostnames for the web interface to bind to.
 -h,--help <arg>                 Usage information.
 -j,--jobs-dir <arg>             The jobs directory.  Defaults to ./jobs
 -l,--logging-properties <arg>   The full path to the logging properties
                                 file (eg, conf/logging.properties).  If present, this file will be used to
                                 configure Java logging.  Defaults to
                                 ${heritrix.home}/conf/logging.properties or if no heritrix.home property
                                 set, ./conf/logging.properties
 -p,--web-port <arg>             The port the web interface should listen
                                 on.
 -s,--ssl-params <arg>           Specify a keystore path, keystore
                                 password, and key password for HTTPS use. Separate with commas, no
                                 whitespace.
Your arguments were: -a admin:admin -p 8443 -b / -s
